{"message":"the trait bound `glam::Vec2: Zeroable` is not satisfied","code":{"code":"E0277","explanation":"You tried to use a type which doesn't implement some trait in a place which\nexpected that trait.\n\nErroneous code example:\n\n```compile_fail,E0277\n// here we declare the Foo trait with a bar method\ntrait Foo {\n    fn bar(&self);\n}\n\n// we now declare a function which takes an object implementing the Foo trait\nfn some_func<T: Foo>(foo: T) {\n    foo.bar();\n}\n\nfn main() {\n    // we now call the method with the i32 type, which doesn't implement\n    // the Foo trait\n    some_func(5i32); // error: the trait bound `i32 : Foo` is not satisfied\n}\n```\n\nIn order to fix this error, verify that the type you're using does implement\nthe trait. Example:\n\n```\ntrait Foo {\n    fn bar(&self);\n}\n\n// we implement the trait on the i32 type\nimpl Foo for i32 {\n    fn bar(&self) {}\n}\n\nfn some_func<T: Foo>(foo: T) {\n    foo.bar(); // we can now use this method since i32 implements the\n               // Foo trait\n}\n\nfn main() {\n    some_func(5i32); // ok!\n}\n```\n\nOr in a generic context, an erroneous code example would look like:\n\n```compile_fail,E0277\nfn some_func<T>(foo: T) {\n    println!(\"{:?}\", foo); // error: the trait `core::fmt::Debug` is not\n                           //        implemented for the type `T`\n}\n\nfn main() {\n    // We now call the method with the i32 type,\n    // which *does* implement the Debug trait.\n    some_func(5i32);\n}\n```\n\nNote that the error here is in the definition of the generic function. Although\nwe only call it with a parameter that does implement `Debug`, the compiler\nstill rejects the function. It must work with all possible input types. In\norder to make this example compile, we need to restrict the generic type we're\naccepting:\n\n```\nuse std::fmt;\n\n// Restrict the input type to types that implement Debug.\nfn some_func<T: fmt::Debug>(foo: T) {\n    println!(\"{:?}\", foo);\n}\n\nfn main() {\n    // Calling the method is still fine, as i32 implements Debug.\n    some_func(5i32);\n\n    // This would fail to compile now:\n    // struct WithoutDebug;\n    // some_func(WithoutDebug);\n}\n```\n\nRust only looks at the signature of the called function, as such it must\nalready specify all requirements that will be used for every type parameter.\n"},"level":"error","spans":[{"file_name":"/Users/MvPodell/cs181/Game 3/engine/geom.rs","byte_start":177,"byte_end":181,"line_start":7,"line_end":7,"column_start":17,"column_end":21,"is_primary":true,"text":[{"text":"    pub corner: Vec2,","highlight_start":17,"highlight_end":21}],"label":"the trait `Zeroable` is not implemented for `glam::Vec2`","suggested_replacement":null,"suggestion_applicability":null,"expansion":null}],"children":[{"message":"the following other types implement trait `Zeroable`:\n  bool\n  char\n  isize\n  i8\n  i16\n  i32\n  i64\n  i128\nand 113 others","code":null,"level":"help","spans":[],"children":[],"rendered":null},{"message":"required by a bound in `geom::_::{closure#0}::check::assert_impl`","code":null,"level":"note","spans":[{"file_name":"/Users/MvPodell/cs181/Game 3/engine/geom.rs","byte_start":56,"byte_end":57,"line_start":4,"line_end":4,"column_start":1,"column_end":2,"is_primary":false,"text":[{"text":"#[repr(C)]","highlight_start":1,"highlight_end":2}],"label":"required by a bound in this function","suggested_replacement":null,"suggestion_applicability":null,"expansion":null},{"file_name":"/Users/MvPodell/cs181/Game 3/engine/geom.rs","byte_start":100,"byte_end":118,"line_start":5,"line_end":5,"column_start":34,"column_end":52,"is_primary":true,"text":[{"text":"#[derive(Clone, Copy, PartialEq, bytemuck::Zeroable, bytemuck::Pod, Debug)]","highlight_start":34,"highlight_end":52}],"label":"required by this bound in `assert_impl`","suggested_replacement":null,"suggestion_applicability":null,"expansion":{"span":{"file_name":"/Users/MvPodell/cs181/Game 3/engine/geom.rs","byte_start":100,"byte_end":118,"line_start":5,"line_end":5,"column_start":34,"column_end":52,"is_primary":false,"text":[{"text":"#[derive(Clone, Copy, PartialEq, bytemuck::Zeroable, bytemuck::Pod, Debug)]","highlight_start":34,"highlight_end":52}],"label":null,"suggested_replacement":null,"suggestion_applicability":null,"expansion":null},"macro_decl_name":"#[derive(bytemuck::Zeroable)]","def_site_span":{"file_name":"/Users/MvPodell/.cargo/registry/src/index.crates.io-6f17d22bba15001f/bytemuck_derive-1.5.0/src/lib.rs","byte_start":5423,"byte_end":5511,"line_start":196,"line_end":198,"column_start":1,"column_end":29,"is_primary":false,"text":[{"text":"pub fn derive_zeroable(","highlight_start":1,"highlight_end":24},{"text":"  input: proc_macro::TokenStream,","highlight_start":1,"highlight_end":34},{"text":") -> proc_macro::TokenStream {","highlight_start":1,"highlight_end":29}],"label":null,"suggested_replacement":null,"suggestion_applicability":null,"expansion":null}}}],"children":[],"rendered":null}],"rendered":"\u001b[0m\u001b[1m\u001b[38;5;9merror[E0277]\u001b[0m\u001b[0m\u001b[1m: the trait bound `glam::Vec2: Zeroable` is not satisfied\u001b[0m\n\u001b[0m \u001b[0m\u001b[0m\u001b[1m\u001b[38;5;12m--> \u001b[0m\u001b[0m/Users/MvPodell/cs181/Game 3/engine/geom.rs:7:17\u001b[0m\n\u001b[0m  \u001b[0m\u001b[0m\u001b[1m\u001b[38;5;12m|\u001b[0m\n\u001b[0m\u001b[1m\u001b[38;5;12m7\u001b[0m\u001b[0m \u001b[0m\u001b[0m\u001b[1m\u001b[38;5;12m|\u001b[0m\u001b[0m \u001b[0m\u001b[0m    pub corner: Vec2,\u001b[0m\n\u001b[0m  \u001b[0m\u001b[0m\u001b[1m\u001b[38;5;12m| \u001b[0m\u001b[0m                \u001b[0m\u001b[0m\u001b[1m\u001b[38;5;9m^^^^\u001b[0m\u001b[0m \u001b[0m\u001b[0m\u001b[1m\u001b[38;5;9mthe trait `Zeroable` is not implemented for `glam::Vec2`\u001b[0m\n\u001b[0m  \u001b[0m\u001b[0m\u001b[1m\u001b[38;5;12m|\u001b[0m\n\u001b[0m  \u001b[0m\u001b[0m\u001b[1m\u001b[38;5;12m= \u001b[0m\u001b[0m\u001b[1mhelp\u001b[0m\u001b[0m: the following other types implement trait `Zeroable`:\u001b[0m\n\u001b[0m            bool\u001b[0m\n\u001b[0m            char\u001b[0m\n\u001b[0m            isize\u001b[0m\n\u001b[0m            i8\u001b[0m\n\u001b[0m            i16\u001b[0m\n\u001b[0m            i32\u001b[0m\n\u001b[0m            i64\u001b[0m\n\u001b[0m            i128\u001b[0m\n\u001b[0m          and 113 others\u001b[0m\n\u001b[0m\u001b[1m\u001b[38;5;10mnote\u001b[0m\u001b[0m: required by a bound in `geom::_::{closure#0}::check::assert_impl`\u001b[0m\n\u001b[0m \u001b[0m\u001b[0m\u001b[1m\u001b[38;5;12m--> \u001b[0m\u001b[0m/Users/MvPodell/cs181/Game 3/engine/geom.rs:5:34\u001b[0m\n\u001b[0m  \u001b[0m\u001b[0m\u001b[1m\u001b[38;5;12m|\u001b[0m\n\u001b[0m\u001b[1m\u001b[38;5;12m4\u001b[0m\u001b[0m \u001b[0m\u001b[0m\u001b[1m\u001b[38;5;12m|\u001b[0m\u001b[0m \u001b[0m\u001b[0m#[repr(C)]\u001b[0m\n\u001b[0m  \u001b[0m\u001b[0m\u001b[1m\u001b[38;5;12m| \u001b[0m\u001b[0m\u001b[1m\u001b[38;5;12m-\u001b[0m\u001b[0m \u001b[0m\u001b[0m\u001b[1m\u001b[38;5;12mrequired by a bound in this function\u001b[0m\n\u001b[0m\u001b[1m\u001b[38;5;12m5\u001b[0m\u001b[0m \u001b[0m\u001b[0m\u001b[1m\u001b[38;5;12m|\u001b[0m\u001b[0m \u001b[0m\u001b[0m#[derive(Clone, Copy, PartialEq, bytemuck::Zeroable, bytemuck::Pod, Debug)]\u001b[0m\n\u001b[0m  \u001b[0m\u001b[0m\u001b[1m\u001b[38;5;12m| \u001b[0m\u001b[0m                                 \u001b[0m\u001b[0m\u001b[1m\u001b[38;5;10m^^^^^^^^^^^^^^^^^^\u001b[0m\u001b[0m \u001b[0m\u001b[0m\u001b[1m\u001b[38;5;10mrequired by this bound in `assert_impl`\u001b[0m\n\u001b[0m  \u001b[0m\u001b[0m\u001b[1m\u001b[38;5;12m= \u001b[0m\u001b[0m\u001b[1mnote\u001b[0m\u001b[0m: this error originates in the derive macro `bytemuck::Zeroable` (in Nightly builds, run with -Z macro-backtrace for more info)\u001b[0m\n\n"}
{"message":"the trait bound `glam::Vec2: Zeroable` is not satisfied","code":{"code":"E0277","explanation":"You tried to use a type which doesn't implement some trait in a place which\nexpected that trait.\n\nErroneous code example:\n\n```compile_fail,E0277\n// here we declare the Foo trait with a bar method\ntrait Foo {\n    fn bar(&self);\n}\n\n// we now declare a function which takes an object implementing the Foo trait\nfn some_func<T: Foo>(foo: T) {\n    foo.bar();\n}\n\nfn main() {\n    // we now call the method with the i32 type, which doesn't implement\n    // the Foo trait\n    some_func(5i32); // error: the trait bound `i32 : Foo` is not satisfied\n}\n```\n\nIn order to fix this error, verify that the type you're using does implement\nthe trait. Example:\n\n```\ntrait Foo {\n    fn bar(&self);\n}\n\n// we implement the trait on the i32 type\nimpl Foo for i32 {\n    fn bar(&self) {}\n}\n\nfn some_func<T: Foo>(foo: T) {\n    foo.bar(); // we can now use this method since i32 implements the\n               // Foo trait\n}\n\nfn main() {\n    some_func(5i32); // ok!\n}\n```\n\nOr in a generic context, an erroneous code example would look like:\n\n```compile_fail,E0277\nfn some_func<T>(foo: T) {\n    println!(\"{:?}\", foo); // error: the trait `core::fmt::Debug` is not\n                           //        implemented for the type `T`\n}\n\nfn main() {\n    // We now call the method with the i32 type,\n    // which *does* implement the Debug trait.\n    some_func(5i32);\n}\n```\n\nNote that the error here is in the definition of the generic function. Although\nwe only call it with a parameter that does implement `Debug`, the compiler\nstill rejects the function. It must work with all possible input types. In\norder to make this example compile, we need to restrict the generic type we're\naccepting:\n\n```\nuse std::fmt;\n\n// Restrict the input type to types that implement Debug.\nfn some_func<T: fmt::Debug>(foo: T) {\n    println!(\"{:?}\", foo);\n}\n\nfn main() {\n    // Calling the method is still fine, as i32 implements Debug.\n    some_func(5i32);\n\n    // This would fail to compile now:\n    // struct WithoutDebug;\n    // some_func(WithoutDebug);\n}\n```\n\nRust only looks at the signature of the called function, as such it must\nalready specify all requirements that will be used for every type parameter.\n"},"level":"error","spans":[{"file_name":"/Users/MvPodell/cs181/Game 3/engine/geom.rs","byte_start":197,"byte_end":201,"line_start":8,"line_end":8,"column_start":15,"column_end":19,"is_primary":true,"text":[{"text":"    pub size: Vec2,","highlight_start":15,"highlight_end":19}],"label":"the trait `Zeroable` is not implemented for `glam::Vec2`","suggested_replacement":null,"suggestion_applicability":null,"expansion":null}],"children":[{"message":"the following other types implement trait `Zeroable`:\n  bool\n  char\n  isize\n  i8\n  i16\n  i32\n  i64\n  i128\nand 113 others","code":null,"level":"help","spans":[],"children":[],"rendered":null},{"message":"required by a bound in `geom::_::{closure#0}::check::assert_impl`","code":null,"level":"note","spans":[{"file_name":"/Users/MvPodell/cs181/Game 3/engine/geom.rs","byte_start":56,"byte_end":57,"line_start":4,"line_end":4,"column_start":1,"column_end":2,"is_primary":false,"text":[{"text":"#[repr(C)]","highlight_start":1,"highlight_end":2}],"label":"required by a bound in this function","suggested_replacement":null,"suggestion_applicability":null,"expansion":null},{"file_name":"/Users/MvPodell/cs181/Game 3/engine/geom.rs","byte_start":100,"byte_end":118,"line_start":5,"line_end":5,"column_start":34,"column_end":52,"is_primary":true,"text":[{"text":"#[derive(Clone, Copy, PartialEq, bytemuck::Zeroable, bytemuck::Pod, Debug)]","highlight_start":34,"highlight_end":52}],"label":"required by this bound in `assert_impl`","suggested_replacement":null,"suggestion_applicability":null,"expansion":{"span":{"file_name":"/Users/MvPodell/cs181/Game 3/engine/geom.rs","byte_start":100,"byte_end":118,"line_start":5,"line_end":5,"column_start":34,"column_end":52,"is_primary":false,"text":[{"text":"#[derive(Clone, Copy, PartialEq, bytemuck::Zeroable, bytemuck::Pod, Debug)]","highlight_start":34,"highlight_end":52}],"label":null,"suggested_replacement":null,"suggestion_applicability":null,"expansion":null},"macro_decl_name":"#[derive(bytemuck::Zeroable)]","def_site_span":{"file_name":"/Users/MvPodell/.cargo/registry/src/index.crates.io-6f17d22bba15001f/bytemuck_derive-1.5.0/src/lib.rs","byte_start":5423,"byte_end":5511,"line_start":196,"line_end":198,"column_start":1,"column_end":29,"is_primary":false,"text":[{"text":"pub fn derive_zeroable(","highlight_start":1,"highlight_end":24},{"text":"  input: proc_macro::TokenStream,","highlight_start":1,"highlight_end":34},{"text":") -> proc_macro::TokenStream {","highlight_start":1,"highlight_end":29}],"label":null,"suggested_replacement":null,"suggestion_applicability":null,"expansion":null}}}],"children":[],"rendered":null}],"rendered":"\u001b[0m\u001b[1m\u001b[38;5;9merror[E0277]\u001b[0m\u001b[0m\u001b[1m: the trait bound `glam::Vec2: Zeroable` is not satisfied\u001b[0m\n\u001b[0m \u001b[0m\u001b[0m\u001b[1m\u001b[38;5;12m--> \u001b[0m\u001b[0m/Users/MvPodell/cs181/Game 3/engine/geom.rs:8:15\u001b[0m\n\u001b[0m  \u001b[0m\u001b[0m\u001b[1m\u001b[38;5;12m|\u001b[0m\n\u001b[0m\u001b[1m\u001b[38;5;12m8\u001b[0m\u001b[0m \u001b[0m\u001b[0m\u001b[1m\u001b[38;5;12m|\u001b[0m\u001b[0m \u001b[0m\u001b[0m    pub size: Vec2,\u001b[0m\n\u001b[0m  \u001b[0m\u001b[0m\u001b[1m\u001b[38;5;12m| \u001b[0m\u001b[0m              \u001b[0m\u001b[0m\u001b[1m\u001b[38;5;9m^^^^\u001b[0m\u001b[0m \u001b[0m\u001b[0m\u001b[1m\u001b[38;5;9mthe trait `Zeroable` is not implemented for `glam::Vec2`\u001b[0m\n\u001b[0m  \u001b[0m\u001b[0m\u001b[1m\u001b[38;5;12m|\u001b[0m\n\u001b[0m  \u001b[0m\u001b[0m\u001b[1m\u001b[38;5;12m= \u001b[0m\u001b[0m\u001b[1mhelp\u001b[0m\u001b[0m: the following other types implement trait `Zeroable`:\u001b[0m\n\u001b[0m            bool\u001b[0m\n\u001b[0m            char\u001b[0m\n\u001b[0m            isize\u001b[0m\n\u001b[0m            i8\u001b[0m\n\u001b[0m            i16\u001b[0m\n\u001b[0m            i32\u001b[0m\n\u001b[0m            i64\u001b[0m\n\u001b[0m            i128\u001b[0m\n\u001b[0m          and 113 others\u001b[0m\n\u001b[0m\u001b[1m\u001b[38;5;10mnote\u001b[0m\u001b[0m: required by a bound in `geom::_::{closure#0}::check::assert_impl`\u001b[0m\n\u001b[0m \u001b[0m\u001b[0m\u001b[1m\u001b[38;5;12m--> \u001b[0m\u001b[0m/Users/MvPodell/cs181/Game 3/engine/geom.rs:5:34\u001b[0m\n\u001b[0m  \u001b[0m\u001b[0m\u001b[1m\u001b[38;5;12m|\u001b[0m\n\u001b[0m\u001b[1m\u001b[38;5;12m4\u001b[0m\u001b[0m \u001b[0m\u001b[0m\u001b[1m\u001b[38;5;12m|\u001b[0m\u001b[0m \u001b[0m\u001b[0m#[repr(C)]\u001b[0m\n\u001b[0m  \u001b[0m\u001b[0m\u001b[1m\u001b[38;5;12m| \u001b[0m\u001b[0m\u001b[1m\u001b[38;5;12m-\u001b[0m\u001b[0m \u001b[0m\u001b[0m\u001b[1m\u001b[38;5;12mrequired by a bound in this function\u001b[0m\n\u001b[0m\u001b[1m\u001b[38;5;12m5\u001b[0m\u001b[0m \u001b[0m\u001b[0m\u001b[1m\u001b[38;5;12m|\u001b[0m\u001b[0m \u001b[0m\u001b[0m#[derive(Clone, Copy, PartialEq, bytemuck::Zeroable, bytemuck::Pod, Debug)]\u001b[0m\n\u001b[0m  \u001b[0m\u001b[0m\u001b[1m\u001b[38;5;12m| \u001b[0m\u001b[0m                                 \u001b[0m\u001b[0m\u001b[1m\u001b[38;5;10m^^^^^^^^^^^^^^^^^^\u001b[0m\u001b[0m \u001b[0m\u001b[0m\u001b[1m\u001b[38;5;10mrequired by this bound in `assert_impl`\u001b[0m\n\u001b[0m  \u001b[0m\u001b[0m\u001b[1m\u001b[38;5;12m= \u001b[0m\u001b[0m\u001b[1mnote\u001b[0m\u001b[0m: this error originates in the derive macro `bytemuck::Zeroable` (in Nightly builds, run with -Z macro-backtrace for more info)\u001b[0m\n\n"}
{"message":"the trait bound `glam::Vec2: Pod` is not satisfied","code":{"code":"E0277","explanation":"You tried to use a type which doesn't implement some trait in a place which\nexpected that trait.\n\nErroneous code example:\n\n```compile_fail,E0277\n// here we declare the Foo trait with a bar method\ntrait Foo {\n    fn bar(&self);\n}\n\n// we now declare a function which takes an object implementing the Foo trait\nfn some_func<T: Foo>(foo: T) {\n    foo.bar();\n}\n\nfn main() {\n    // we now call the method with the i32 type, which doesn't implement\n    // the Foo trait\n    some_func(5i32); // error: the trait bound `i32 : Foo` is not satisfied\n}\n```\n\nIn order to fix this error, verify that the type you're using does implement\nthe trait. Example:\n\n```\ntrait Foo {\n    fn bar(&self);\n}\n\n// we implement the trait on the i32 type\nimpl Foo for i32 {\n    fn bar(&self) {}\n}\n\nfn some_func<T: Foo>(foo: T) {\n    foo.bar(); // we can now use this method since i32 implements the\n               // Foo trait\n}\n\nfn main() {\n    some_func(5i32); // ok!\n}\n```\n\nOr in a generic context, an erroneous code example would look like:\n\n```compile_fail,E0277\nfn some_func<T>(foo: T) {\n    println!(\"{:?}\", foo); // error: the trait `core::fmt::Debug` is not\n                           //        implemented for the type `T`\n}\n\nfn main() {\n    // We now call the method with the i32 type,\n    // which *does* implement the Debug trait.\n    some_func(5i32);\n}\n```\n\nNote that the error here is in the definition of the generic function. Although\nwe only call it with a parameter that does implement `Debug`, the compiler\nstill rejects the function. It must work with all possible input types. In\norder to make this example compile, we need to restrict the generic type we're\naccepting:\n\n```\nuse std::fmt;\n\n// Restrict the input type to types that implement Debug.\nfn some_func<T: fmt::Debug>(foo: T) {\n    println!(\"{:?}\", foo);\n}\n\nfn main() {\n    // Calling the method is still fine, as i32 implements Debug.\n    some_func(5i32);\n\n    // This would fail to compile now:\n    // struct WithoutDebug;\n    // some_func(WithoutDebug);\n}\n```\n\nRust only looks at the signature of the called function, as such it must\nalready specify all requirements that will be used for every type parameter.\n"},"level":"error","spans":[{"file_name":"/Users/MvPodell/cs181/Game 3/engine/geom.rs","byte_start":177,"byte_end":181,"line_start":7,"line_end":7,"column_start":17,"column_end":21,"is_primary":true,"text":[{"text":"    pub corner: Vec2,","highlight_start":17,"highlight_end":21}],"label":"the trait `Pod` is not implemented for `glam::Vec2`","suggested_replacement":null,"suggestion_applicability":null,"expansion":null}],"children":[{"message":"the following other types implement trait `Pod`:\n  isize\n  i8\n  i16\n  i32\n  i64\n  i128\n  usize\n  u8\nand 94 others","code":null,"level":"help","spans":[],"children":[],"rendered":null},{"message":"required by a bound in `geom::_::{closure#0}::check::assert_impl`","code":null,"level":"note","spans":[{"file_name":"/Users/MvPodell/cs181/Game 3/engine/geom.rs","byte_start":56,"byte_end":57,"line_start":4,"line_end":4,"column_start":1,"column_end":2,"is_primary":false,"text":[{"text":"#[repr(C)]","highlight_start":1,"highlight_end":2}],"label":"required by a bound in this function","suggested_replacement":null,"suggestion_applicability":null,"expansion":null},{"file_name":"/Users/MvPodell/cs181/Game 3/engine/geom.rs","byte_start":120,"byte_end":133,"line_start":5,"line_end":5,"column_start":54,"column_end":67,"is_primary":true,"text":[{"text":"#[derive(Clone, Copy, PartialEq, bytemuck::Zeroable, bytemuck::Pod, Debug)]","highlight_start":54,"highlight_end":67}],"label":"required by this bound in `assert_impl`","suggested_replacement":null,"suggestion_applicability":null,"expansion":{"span":{"file_name":"/Users/MvPodell/cs181/Game 3/engine/geom.rs","byte_start":120,"byte_end":133,"line_start":5,"line_end":5,"column_start":54,"column_end":67,"is_primary":false,"text":[{"text":"#[derive(Clone, Copy, PartialEq, bytemuck::Zeroable, bytemuck::Pod, Debug)]","highlight_start":54,"highlight_end":67}],"label":null,"suggested_replacement":null,"suggestion_applicability":null,"expansion":null},"macro_decl_name":"#[derive(bytemuck::Pod)]","def_site_span":{"file_name":"/Users/MvPodell/.cargo/registry/src/index.crates.io-6f17d22bba15001f/bytemuck_derive-1.5.0/src/lib.rs","byte_start":2442,"byte_end":2518,"line_start":91,"line_end":91,"column_start":1,"column_end":77,"is_primary":false,"text":[{"text":"pub fn derive_pod(input: proc_macro::TokenStream) -> proc_macro::TokenStream {","highlight_start":1,"highlight_end":77}],"label":null,"suggested_replacement":null,"suggestion_applicability":null,"expansion":null}}}],"children":[],"rendered":null}],"rendered":"\u001b[0m\u001b[1m\u001b[38;5;9merror[E0277]\u001b[0m\u001b[0m\u001b[1m: the trait bound `glam::Vec2: Pod` is not satisfied\u001b[0m\n\u001b[0m \u001b[0m\u001b[0m\u001b[1m\u001b[38;5;12m--> \u001b[0m\u001b[0m/Users/MvPodell/cs181/Game 3/engine/geom.rs:7:17\u001b[0m\n\u001b[0m  \u001b[0m\u001b[0m\u001b[1m\u001b[38;5;12m|\u001b[0m\n\u001b[0m\u001b[1m\u001b[38;5;12m7\u001b[0m\u001b[0m \u001b[0m\u001b[0m\u001b[1m\u001b[38;5;12m|\u001b[0m\u001b[0m \u001b[0m\u001b[0m    pub corner: Vec2,\u001b[0m\n\u001b[0m  \u001b[0m\u001b[0m\u001b[1m\u001b[38;5;12m| \u001b[0m\u001b[0m                \u001b[0m\u001b[0m\u001b[1m\u001b[38;5;9m^^^^\u001b[0m\u001b[0m \u001b[0m\u001b[0m\u001b[1m\u001b[38;5;9mthe trait `Pod` is not implemented for `glam::Vec2`\u001b[0m\n\u001b[0m  \u001b[0m\u001b[0m\u001b[1m\u001b[38;5;12m|\u001b[0m\n\u001b[0m  \u001b[0m\u001b[0m\u001b[1m\u001b[38;5;12m= \u001b[0m\u001b[0m\u001b[1mhelp\u001b[0m\u001b[0m: the following other types implement trait `Pod`:\u001b[0m\n\u001b[0m            isize\u001b[0m\n\u001b[0m            i8\u001b[0m\n\u001b[0m            i16\u001b[0m\n\u001b[0m            i32\u001b[0m\n\u001b[0m            i64\u001b[0m\n\u001b[0m            i128\u001b[0m\n\u001b[0m            usize\u001b[0m\n\u001b[0m            u8\u001b[0m\n\u001b[0m          and 94 others\u001b[0m\n\u001b[0m\u001b[1m\u001b[38;5;10mnote\u001b[0m\u001b[0m: required by a bound in `geom::_::{closure#0}::check::assert_impl`\u001b[0m\n\u001b[0m \u001b[0m\u001b[0m\u001b[1m\u001b[38;5;12m--> \u001b[0m\u001b[0m/Users/MvPodell/cs181/Game 3/engine/geom.rs:5:54\u001b[0m\n\u001b[0m  \u001b[0m\u001b[0m\u001b[1m\u001b[38;5;12m|\u001b[0m\n\u001b[0m\u001b[1m\u001b[38;5;12m4\u001b[0m\u001b[0m \u001b[0m\u001b[0m\u001b[1m\u001b[38;5;12m|\u001b[0m\u001b[0m \u001b[0m\u001b[0m#[repr(C)]\u001b[0m\n\u001b[0m  \u001b[0m\u001b[0m\u001b[1m\u001b[38;5;12m| \u001b[0m\u001b[0m\u001b[1m\u001b[38;5;12m-\u001b[0m\u001b[0m \u001b[0m\u001b[0m\u001b[1m\u001b[38;5;12mrequired by a bound in this function\u001b[0m\n\u001b[0m\u001b[1m\u001b[38;5;12m5\u001b[0m\u001b[0m \u001b[0m\u001b[0m\u001b[1m\u001b[38;5;12m|\u001b[0m\u001b[0m \u001b[0m\u001b[0m#[derive(Clone, Copy, PartialEq, bytemuck::Zeroable, bytemuck::Pod, Debug)]\u001b[0m\n\u001b[0m  \u001b[0m\u001b[0m\u001b[1m\u001b[38;5;12m| \u001b[0m\u001b[0m                                                     \u001b[0m\u001b[0m\u001b[1m\u001b[38;5;10m^^^^^^^^^^^^^\u001b[0m\u001b[0m \u001b[0m\u001b[0m\u001b[1m\u001b[38;5;10mrequired by this bound in `assert_impl`\u001b[0m\n\u001b[0m  \u001b[0m\u001b[0m\u001b[1m\u001b[38;5;12m= \u001b[0m\u001b[0m\u001b[1mnote\u001b[0m\u001b[0m: this error originates in the derive macro `bytemuck::Pod` (in Nightly builds, run with -Z macro-backtrace for more info)\u001b[0m\n\n"}
{"message":"the trait bound `glam::Vec2: Pod` is not satisfied","code":{"code":"E0277","explanation":"You tried to use a type which doesn't implement some trait in a place which\nexpected that trait.\n\nErroneous code example:\n\n```compile_fail,E0277\n// here we declare the Foo trait with a bar method\ntrait Foo {\n    fn bar(&self);\n}\n\n// we now declare a function which takes an object implementing the Foo trait\nfn some_func<T: Foo>(foo: T) {\n    foo.bar();\n}\n\nfn main() {\n    // we now call the method with the i32 type, which doesn't implement\n    // the Foo trait\n    some_func(5i32); // error: the trait bound `i32 : Foo` is not satisfied\n}\n```\n\nIn order to fix this error, verify that the type you're using does implement\nthe trait. Example:\n\n```\ntrait Foo {\n    fn bar(&self);\n}\n\n// we implement the trait on the i32 type\nimpl Foo for i32 {\n    fn bar(&self) {}\n}\n\nfn some_func<T: Foo>(foo: T) {\n    foo.bar(); // we can now use this method since i32 implements the\n               // Foo trait\n}\n\nfn main() {\n    some_func(5i32); // ok!\n}\n```\n\nOr in a generic context, an erroneous code example would look like:\n\n```compile_fail,E0277\nfn some_func<T>(foo: T) {\n    println!(\"{:?}\", foo); // error: the trait `core::fmt::Debug` is not\n                           //        implemented for the type `T`\n}\n\nfn main() {\n    // We now call the method with the i32 type,\n    // which *does* implement the Debug trait.\n    some_func(5i32);\n}\n```\n\nNote that the error here is in the definition of the generic function. Although\nwe only call it with a parameter that does implement `Debug`, the compiler\nstill rejects the function. It must work with all possible input types. In\norder to make this example compile, we need to restrict the generic type we're\naccepting:\n\n```\nuse std::fmt;\n\n// Restrict the input type to types that implement Debug.\nfn some_func<T: fmt::Debug>(foo: T) {\n    println!(\"{:?}\", foo);\n}\n\nfn main() {\n    // Calling the method is still fine, as i32 implements Debug.\n    some_func(5i32);\n\n    // This would fail to compile now:\n    // struct WithoutDebug;\n    // some_func(WithoutDebug);\n}\n```\n\nRust only looks at the signature of the called function, as such it must\nalready specify all requirements that will be used for every type parameter.\n"},"level":"error","spans":[{"file_name":"/Users/MvPodell/cs181/Game 3/engine/geom.rs","byte_start":197,"byte_end":201,"line_start":8,"line_end":8,"column_start":15,"column_end":19,"is_primary":true,"text":[{"text":"    pub size: Vec2,","highlight_start":15,"highlight_end":19}],"label":"the trait `Pod` is not implemented for `glam::Vec2`","suggested_replacement":null,"suggestion_applicability":null,"expansion":null}],"children":[{"message":"the following other types implement trait `Pod`:\n  isize\n  i8\n  i16\n  i32\n  i64\n  i128\n  usize\n  u8\nand 94 others","code":null,"level":"help","spans":[],"children":[],"rendered":null},{"message":"required by a bound in `geom::_::{closure#0}::check::assert_impl`","code":null,"level":"note","spans":[{"file_name":"/Users/MvPodell/cs181/Game 3/engine/geom.rs","byte_start":56,"byte_end":57,"line_start":4,"line_end":4,"column_start":1,"column_end":2,"is_primary":false,"text":[{"text":"#[repr(C)]","highlight_start":1,"highlight_end":2}],"label":"required by a bound in this function","suggested_replacement":null,"suggestion_applicability":null,"expansion":null},{"file_name":"/Users/MvPodell/cs181/Game 3/engine/geom.rs","byte_start":120,"byte_end":133,"line_start":5,"line_end":5,"column_start":54,"column_end":67,"is_primary":true,"text":[{"text":"#[derive(Clone, Copy, PartialEq, bytemuck::Zeroable, bytemuck::Pod, Debug)]","highlight_start":54,"highlight_end":67}],"label":"required by this bound in `assert_impl`","suggested_replacement":null,"suggestion_applicability":null,"expansion":{"span":{"file_name":"/Users/MvPodell/cs181/Game 3/engine/geom.rs","byte_start":120,"byte_end":133,"line_start":5,"line_end":5,"column_start":54,"column_end":67,"is_primary":false,"text":[{"text":"#[derive(Clone, Copy, PartialEq, bytemuck::Zeroable, bytemuck::Pod, Debug)]","highlight_start":54,"highlight_end":67}],"label":null,"suggested_replacement":null,"suggestion_applicability":null,"expansion":null},"macro_decl_name":"#[derive(bytemuck::Pod)]","def_site_span":{"file_name":"/Users/MvPodell/.cargo/registry/src/index.crates.io-6f17d22bba15001f/bytemuck_derive-1.5.0/src/lib.rs","byte_start":2442,"byte_end":2518,"line_start":91,"line_end":91,"column_start":1,"column_end":77,"is_primary":false,"text":[{"text":"pub fn derive_pod(input: proc_macro::TokenStream) -> proc_macro::TokenStream {","highlight_start":1,"highlight_end":77}],"label":null,"suggested_replacement":null,"suggestion_applicability":null,"expansion":null}}}],"children":[],"rendered":null}],"rendered":"\u001b[0m\u001b[1m\u001b[38;5;9merror[E0277]\u001b[0m\u001b[0m\u001b[1m: the trait bound `glam::Vec2: Pod` is not satisfied\u001b[0m\n\u001b[0m \u001b[0m\u001b[0m\u001b[1m\u001b[38;5;12m--> \u001b[0m\u001b[0m/Users/MvPodell/cs181/Game 3/engine/geom.rs:8:15\u001b[0m\n\u001b[0m  \u001b[0m\u001b[0m\u001b[1m\u001b[38;5;12m|\u001b[0m\n\u001b[0m\u001b[1m\u001b[38;5;12m8\u001b[0m\u001b[0m \u001b[0m\u001b[0m\u001b[1m\u001b[38;5;12m|\u001b[0m\u001b[0m \u001b[0m\u001b[0m    pub size: Vec2,\u001b[0m\n\u001b[0m  \u001b[0m\u001b[0m\u001b[1m\u001b[38;5;12m| \u001b[0m\u001b[0m              \u001b[0m\u001b[0m\u001b[1m\u001b[38;5;9m^^^^\u001b[0m\u001b[0m \u001b[0m\u001b[0m\u001b[1m\u001b[38;5;9mthe trait `Pod` is not implemented for `glam::Vec2`\u001b[0m\n\u001b[0m  \u001b[0m\u001b[0m\u001b[1m\u001b[38;5;12m|\u001b[0m\n\u001b[0m  \u001b[0m\u001b[0m\u001b[1m\u001b[38;5;12m= \u001b[0m\u001b[0m\u001b[1mhelp\u001b[0m\u001b[0m: the following other types implement trait `Pod`:\u001b[0m\n\u001b[0m            isize\u001b[0m\n\u001b[0m            i8\u001b[0m\n\u001b[0m            i16\u001b[0m\n\u001b[0m            i32\u001b[0m\n\u001b[0m            i64\u001b[0m\n\u001b[0m            i128\u001b[0m\n\u001b[0m            usize\u001b[0m\n\u001b[0m            u8\u001b[0m\n\u001b[0m          and 94 others\u001b[0m\n\u001b[0m\u001b[1m\u001b[38;5;10mnote\u001b[0m\u001b[0m: required by a bound in `geom::_::{closure#0}::check::assert_impl`\u001b[0m\n\u001b[0m \u001b[0m\u001b[0m\u001b[1m\u001b[38;5;12m--> \u001b[0m\u001b[0m/Users/MvPodell/cs181/Game 3/engine/geom.rs:5:54\u001b[0m\n\u001b[0m  \u001b[0m\u001b[0m\u001b[1m\u001b[38;5;12m|\u001b[0m\n\u001b[0m\u001b[1m\u001b[38;5;12m4\u001b[0m\u001b[0m \u001b[0m\u001b[0m\u001b[1m\u001b[38;5;12m|\u001b[0m\u001b[0m \u001b[0m\u001b[0m#[repr(C)]\u001b[0m\n\u001b[0m  \u001b[0m\u001b[0m\u001b[1m\u001b[38;5;12m| \u001b[0m\u001b[0m\u001b[1m\u001b[38;5;12m-\u001b[0m\u001b[0m \u001b[0m\u001b[0m\u001b[1m\u001b[38;5;12mrequired by a bound in this function\u001b[0m\n\u001b[0m\u001b[1m\u001b[38;5;12m5\u001b[0m\u001b[0m \u001b[0m\u001b[0m\u001b[1m\u001b[38;5;12m|\u001b[0m\u001b[0m \u001b[0m\u001b[0m#[derive(Clone, Copy, PartialEq, bytemuck::Zeroable, bytemuck::Pod, Debug)]\u001b[0m\n\u001b[0m  \u001b[0m\u001b[0m\u001b[1m\u001b[38;5;12m| \u001b[0m\u001b[0m                                                     \u001b[0m\u001b[0m\u001b[1m\u001b[38;5;10m^^^^^^^^^^^^^\u001b[0m\u001b[0m \u001b[0m\u001b[0m\u001b[1m\u001b[38;5;10mrequired by this bound in `assert_impl`\u001b[0m\n\u001b[0m  \u001b[0m\u001b[0m\u001b[1m\u001b[38;5;12m= \u001b[0m\u001b[0m\u001b[1mnote\u001b[0m\u001b[0m: this error originates in the derive macro `bytemuck::Pod` (in Nightly builds, run with -Z macro-backtrace for more info)\u001b[0m\n\n"}
{"message":"the trait bound `glam::Vec2: Zeroable` is not satisfied","code":{"code":"E0277","explanation":"You tried to use a type which doesn't implement some trait in a place which\nexpected that trait.\n\nErroneous code example:\n\n```compile_fail,E0277\n// here we declare the Foo trait with a bar method\ntrait Foo {\n    fn bar(&self);\n}\n\n// we now declare a function which takes an object implementing the Foo trait\nfn some_func<T: Foo>(foo: T) {\n    foo.bar();\n}\n\nfn main() {\n    // we now call the method with the i32 type, which doesn't implement\n    // the Foo trait\n    some_func(5i32); // error: the trait bound `i32 : Foo` is not satisfied\n}\n```\n\nIn order to fix this error, verify that the type you're using does implement\nthe trait. Example:\n\n```\ntrait Foo {\n    fn bar(&self);\n}\n\n// we implement the trait on the i32 type\nimpl Foo for i32 {\n    fn bar(&self) {}\n}\n\nfn some_func<T: Foo>(foo: T) {\n    foo.bar(); // we can now use this method since i32 implements the\n               // Foo trait\n}\n\nfn main() {\n    some_func(5i32); // ok!\n}\n```\n\nOr in a generic context, an erroneous code example would look like:\n\n```compile_fail,E0277\nfn some_func<T>(foo: T) {\n    println!(\"{:?}\", foo); // error: the trait `core::fmt::Debug` is not\n                           //        implemented for the type `T`\n}\n\nfn main() {\n    // We now call the method with the i32 type,\n    // which *does* implement the Debug trait.\n    some_func(5i32);\n}\n```\n\nNote that the error here is in the definition of the generic function. Although\nwe only call it with a parameter that does implement `Debug`, the compiler\nstill rejects the function. It must work with all possible input types. In\norder to make this example compile, we need to restrict the generic type we're\naccepting:\n\n```\nuse std::fmt;\n\n// Restrict the input type to types that implement Debug.\nfn some_func<T: fmt::Debug>(foo: T) {\n    println!(\"{:?}\", foo);\n}\n\nfn main() {\n    // Calling the method is still fine, as i32 implements Debug.\n    some_func(5i32);\n\n    // This would fail to compile now:\n    // struct WithoutDebug;\n    // some_func(WithoutDebug);\n}\n```\n\nRust only looks at the signature of the called function, as such it must\nalready specify all requirements that will be used for every type parameter.\n"},"level":"error","spans":[{"file_name":"/Users/MvPodell/cs181/Game 3/engine/geom.rs","byte_start":327,"byte_end":331,"line_start":14,"line_end":14,"column_start":17,"column_end":21,"is_primary":true,"text":[{"text":"    pub center: Vec2,","highlight_start":17,"highlight_end":21}],"label":"the trait `Zeroable` is not implemented for `glam::Vec2`","suggested_replacement":null,"suggestion_applicability":null,"expansion":null}],"children":[{"message":"the following other types implement trait `Zeroable`:\n  bool\n  char\n  isize\n  i8\n  i16\n  i32\n  i64\n  i128\nand 113 others","code":null,"level":"help","spans":[],"children":[],"rendered":null},{"message":"required by a bound in `geom::_::{closure#0}::check::assert_impl`","code":null,"level":"note","spans":[{"file_name":"/Users/MvPodell/cs181/Game 3/engine/geom.rs","byte_start":206,"byte_end":207,"line_start":11,"line_end":11,"column_start":1,"column_end":2,"is_primary":false,"text":[{"text":"#[repr(C)]","highlight_start":1,"highlight_end":2}],"label":"required by a bound in this function","suggested_replacement":null,"suggestion_applicability":null,"expansion":null},{"file_name":"/Users/MvPodell/cs181/Game 3/engine/geom.rs","byte_start":250,"byte_end":268,"line_start":12,"line_end":12,"column_start":34,"column_end":52,"is_primary":true,"text":[{"text":"#[derive(Clone, Copy, PartialEq, bytemuck::Zeroable, bytemuck::Pod, Debug)]","highlight_start":34,"highlight_end":52}],"label":"required by this bound in `assert_impl`","suggested_replacement":null,"suggestion_applicability":null,"expansion":{"span":{"file_name":"/Users/MvPodell/cs181/Game 3/engine/geom.rs","byte_start":250,"byte_end":268,"line_start":12,"line_end":12,"column_start":34,"column_end":52,"is_primary":false,"text":[{"text":"#[derive(Clone, Copy, PartialEq, bytemuck::Zeroable, bytemuck::Pod, Debug)]","highlight_start":34,"highlight_end":52}],"label":null,"suggested_replacement":null,"suggestion_applicability":null,"expansion":null},"macro_decl_name":"#[derive(bytemuck::Zeroable)]","def_site_span":{"file_name":"/Users/MvPodell/.cargo/registry/src/index.crates.io-6f17d22bba15001f/bytemuck_derive-1.5.0/src/lib.rs","byte_start":5423,"byte_end":5511,"line_start":196,"line_end":198,"column_start":1,"column_end":29,"is_primary":false,"text":[{"text":"pub fn derive_zeroable(","highlight_start":1,"highlight_end":24},{"text":"  input: proc_macro::TokenStream,","highlight_start":1,"highlight_end":34},{"text":") -> proc_macro::TokenStream {","highlight_start":1,"highlight_end":29}],"label":null,"suggested_replacement":null,"suggestion_applicability":null,"expansion":null}}}],"children":[],"rendered":null}],"rendered":"\u001b[0m\u001b[1m\u001b[38;5;9merror[E0277]\u001b[0m\u001b[0m\u001b[1m: the trait bound `glam::Vec2: Zeroable` is not satisfied\u001b[0m\n\u001b[0m  \u001b[0m\u001b[0m\u001b[1m\u001b[38;5;12m--> \u001b[0m\u001b[0m/Users/MvPodell/cs181/Game 3/engine/geom.rs:14:17\u001b[0m\n\u001b[0m   \u001b[0m\u001b[0m\u001b[1m\u001b[38;5;12m|\u001b[0m\n\u001b[0m\u001b[1m\u001b[38;5;12m14\u001b[0m\u001b[0m \u001b[0m\u001b[0m\u001b[1m\u001b[38;5;12m|\u001b[0m\u001b[0m \u001b[0m\u001b[0m    pub center: Vec2,\u001b[0m\n\u001b[0m   \u001b[0m\u001b[0m\u001b[1m\u001b[38;5;12m| \u001b[0m\u001b[0m                \u001b[0m\u001b[0m\u001b[1m\u001b[38;5;9m^^^^\u001b[0m\u001b[0m \u001b[0m\u001b[0m\u001b[1m\u001b[38;5;9mthe trait `Zeroable` is not implemented for `glam::Vec2`\u001b[0m\n\u001b[0m   \u001b[0m\u001b[0m\u001b[1m\u001b[38;5;12m|\u001b[0m\n\u001b[0m   \u001b[0m\u001b[0m\u001b[1m\u001b[38;5;12m= \u001b[0m\u001b[0m\u001b[1mhelp\u001b[0m\u001b[0m: the following other types implement trait `Zeroable`:\u001b[0m\n\u001b[0m             bool\u001b[0m\n\u001b[0m             char\u001b[0m\n\u001b[0m             isize\u001b[0m\n\u001b[0m             i8\u001b[0m\n\u001b[0m             i16\u001b[0m\n\u001b[0m             i32\u001b[0m\n\u001b[0m             i64\u001b[0m\n\u001b[0m             i128\u001b[0m\n\u001b[0m           and 113 others\u001b[0m\n\u001b[0m\u001b[1m\u001b[38;5;10mnote\u001b[0m\u001b[0m: required by a bound in `geom::_::{closure#0}::check::assert_impl`\u001b[0m\n\u001b[0m  \u001b[0m\u001b[0m\u001b[1m\u001b[38;5;12m--> \u001b[0m\u001b[0m/Users/MvPodell/cs181/Game 3/engine/geom.rs:12:34\u001b[0m\n\u001b[0m   \u001b[0m\u001b[0m\u001b[1m\u001b[38;5;12m|\u001b[0m\n\u001b[0m\u001b[1m\u001b[38;5;12m11\u001b[0m\u001b[0m \u001b[0m\u001b[0m\u001b[1m\u001b[38;5;12m|\u001b[0m\u001b[0m \u001b[0m\u001b[0m#[repr(C)]\u001b[0m\n\u001b[0m   \u001b[0m\u001b[0m\u001b[1m\u001b[38;5;12m| \u001b[0m\u001b[0m\u001b[1m\u001b[38;5;12m-\u001b[0m\u001b[0m \u001b[0m\u001b[0m\u001b[1m\u001b[38;5;12mrequired by a bound in this function\u001b[0m\n\u001b[0m\u001b[1m\u001b[38;5;12m12\u001b[0m\u001b[0m \u001b[0m\u001b[0m\u001b[1m\u001b[38;5;12m|\u001b[0m\u001b[0m \u001b[0m\u001b[0m#[derive(Clone, Copy, PartialEq, bytemuck::Zeroable, bytemuck::Pod, Debug)]\u001b[0m\n\u001b[0m   \u001b[0m\u001b[0m\u001b[1m\u001b[38;5;12m| \u001b[0m\u001b[0m                                 \u001b[0m\u001b[0m\u001b[1m\u001b[38;5;10m^^^^^^^^^^^^^^^^^^\u001b[0m\u001b[0m \u001b[0m\u001b[0m\u001b[1m\u001b[38;5;10mrequired by this bound in `assert_impl`\u001b[0m\n\u001b[0m   \u001b[0m\u001b[0m\u001b[1m\u001b[38;5;12m= \u001b[0m\u001b[0m\u001b[1mnote\u001b[0m\u001b[0m: this error originates in the derive macro `bytemuck::Zeroable` (in Nightly builds, run with -Z macro-backtrace for more info)\u001b[0m\n\n"}
{"message":"the trait bound `glam::Vec2: Zeroable` is not satisfied","code":{"code":"E0277","explanation":"You tried to use a type which doesn't implement some trait in a place which\nexpected that trait.\n\nErroneous code example:\n\n```compile_fail,E0277\n// here we declare the Foo trait with a bar method\ntrait Foo {\n    fn bar(&self);\n}\n\n// we now declare a function which takes an object implementing the Foo trait\nfn some_func<T: Foo>(foo: T) {\n    foo.bar();\n}\n\nfn main() {\n    // we now call the method with the i32 type, which doesn't implement\n    // the Foo trait\n    some_func(5i32); // error: the trait bound `i32 : Foo` is not satisfied\n}\n```\n\nIn order to fix this error, verify that the type you're using does implement\nthe trait. Example:\n\n```\ntrait Foo {\n    fn bar(&self);\n}\n\n// we implement the trait on the i32 type\nimpl Foo for i32 {\n    fn bar(&self) {}\n}\n\nfn some_func<T: Foo>(foo: T) {\n    foo.bar(); // we can now use this method since i32 implements the\n               // Foo trait\n}\n\nfn main() {\n    some_func(5i32); // ok!\n}\n```\n\nOr in a generic context, an erroneous code example would look like:\n\n```compile_fail,E0277\nfn some_func<T>(foo: T) {\n    println!(\"{:?}\", foo); // error: the trait `core::fmt::Debug` is not\n                           //        implemented for the type `T`\n}\n\nfn main() {\n    // We now call the method with the i32 type,\n    // which *does* implement the Debug trait.\n    some_func(5i32);\n}\n```\n\nNote that the error here is in the definition of the generic function. Although\nwe only call it with a parameter that does implement `Debug`, the compiler\nstill rejects the function. It must work with all possible input types. In\norder to make this example compile, we need to restrict the generic type we're\naccepting:\n\n```\nuse std::fmt;\n\n// Restrict the input type to types that implement Debug.\nfn some_func<T: fmt::Debug>(foo: T) {\n    println!(\"{:?}\", foo);\n}\n\nfn main() {\n    // Calling the method is still fine, as i32 implements Debug.\n    some_func(5i32);\n\n    // This would fail to compile now:\n    // struct WithoutDebug;\n    // some_func(WithoutDebug);\n}\n```\n\nRust only looks at the signature of the called function, as such it must\nalready specify all requirements that will be used for every type parameter.\n"},"level":"error","spans":[{"file_name":"/Users/MvPodell/cs181/Game 3/engine/geom.rs","byte_start":347,"byte_end":351,"line_start":15,"line_end":15,"column_start":15,"column_end":19,"is_primary":true,"text":[{"text":"    pub size: Vec2,","highlight_start":15,"highlight_end":19}],"label":"the trait `Zeroable` is not implemented for `glam::Vec2`","suggested_replacement":null,"suggestion_applicability":null,"expansion":null}],"children":[{"message":"the following other types implement trait `Zeroable`:\n  bool\n  char\n  isize\n  i8\n  i16\n  i32\n  i64\n  i128\nand 113 others","code":null,"level":"help","spans":[],"children":[],"rendered":null},{"message":"required by a bound in `geom::_::{closure#0}::check::assert_impl`","code":null,"level":"note","spans":[{"file_name":"/Users/MvPodell/cs181/Game 3/engine/geom.rs","byte_start":206,"byte_end":207,"line_start":11,"line_end":11,"column_start":1,"column_end":2,"is_primary":false,"text":[{"text":"#[repr(C)]","highlight_start":1,"highlight_end":2}],"label":"required by a bound in this function","suggested_replacement":null,"suggestion_applicability":null,"expansion":null},{"file_name":"/Users/MvPodell/cs181/Game 3/engine/geom.rs","byte_start":250,"byte_end":268,"line_start":12,"line_end":12,"column_start":34,"column_end":52,"is_primary":true,"text":[{"text":"#[derive(Clone, Copy, PartialEq, bytemuck::Zeroable, bytemuck::Pod, Debug)]","highlight_start":34,"highlight_end":52}],"label":"required by this bound in `assert_impl`","suggested_replacement":null,"suggestion_applicability":null,"expansion":{"span":{"file_name":"/Users/MvPodell/cs181/Game 3/engine/geom.rs","byte_start":250,"byte_end":268,"line_start":12,"line_end":12,"column_start":34,"column_end":52,"is_primary":false,"text":[{"text":"#[derive(Clone, Copy, PartialEq, bytemuck::Zeroable, bytemuck::Pod, Debug)]","highlight_start":34,"highlight_end":52}],"label":null,"suggested_replacement":null,"suggestion_applicability":null,"expansion":null},"macro_decl_name":"#[derive(bytemuck::Zeroable)]","def_site_span":{"file_name":"/Users/MvPodell/.cargo/registry/src/index.crates.io-6f17d22bba15001f/bytemuck_derive-1.5.0/src/lib.rs","byte_start":5423,"byte_end":5511,"line_start":196,"line_end":198,"column_start":1,"column_end":29,"is_primary":false,"text":[{"text":"pub fn derive_zeroable(","highlight_start":1,"highlight_end":24},{"text":"  input: proc_macro::TokenStream,","highlight_start":1,"highlight_end":34},{"text":") -> proc_macro::TokenStream {","highlight_start":1,"highlight_end":29}],"label":null,"suggested_replacement":null,"suggestion_applicability":null,"expansion":null}}}],"children":[],"rendered":null}],"rendered":"\u001b[0m\u001b[1m\u001b[38;5;9merror[E0277]\u001b[0m\u001b[0m\u001b[1m: the trait bound `glam::Vec2: Zeroable` is not satisfied\u001b[0m\n\u001b[0m  \u001b[0m\u001b[0m\u001b[1m\u001b[38;5;12m--> \u001b[0m\u001b[0m/Users/MvPodell/cs181/Game 3/engine/geom.rs:15:15\u001b[0m\n\u001b[0m   \u001b[0m\u001b[0m\u001b[1m\u001b[38;5;12m|\u001b[0m\n\u001b[0m\u001b[1m\u001b[38;5;12m15\u001b[0m\u001b[0m \u001b[0m\u001b[0m\u001b[1m\u001b[38;5;12m|\u001b[0m\u001b[0m \u001b[0m\u001b[0m    pub size: Vec2,\u001b[0m\n\u001b[0m   \u001b[0m\u001b[0m\u001b[1m\u001b[38;5;12m| \u001b[0m\u001b[0m              \u001b[0m\u001b[0m\u001b[1m\u001b[38;5;9m^^^^\u001b[0m\u001b[0m \u001b[0m\u001b[0m\u001b[1m\u001b[38;5;9mthe trait `Zeroable` is not implemented for `glam::Vec2`\u001b[0m\n\u001b[0m   \u001b[0m\u001b[0m\u001b[1m\u001b[38;5;12m|\u001b[0m\n\u001b[0m   \u001b[0m\u001b[0m\u001b[1m\u001b[38;5;12m= \u001b[0m\u001b[0m\u001b[1mhelp\u001b[0m\u001b[0m: the following other types implement trait `Zeroable`:\u001b[0m\n\u001b[0m             bool\u001b[0m\n\u001b[0m             char\u001b[0m\n\u001b[0m             isize\u001b[0m\n\u001b[0m             i8\u001b[0m\n\u001b[0m             i16\u001b[0m\n\u001b[0m             i32\u001b[0m\n\u001b[0m             i64\u001b[0m\n\u001b[0m             i128\u001b[0m\n\u001b[0m           and 113 others\u001b[0m\n\u001b[0m\u001b[1m\u001b[38;5;10mnote\u001b[0m\u001b[0m: required by a bound in `geom::_::{closure#0}::check::assert_impl`\u001b[0m\n\u001b[0m  \u001b[0m\u001b[0m\u001b[1m\u001b[38;5;12m--> \u001b[0m\u001b[0m/Users/MvPodell/cs181/Game 3/engine/geom.rs:12:34\u001b[0m\n\u001b[0m   \u001b[0m\u001b[0m\u001b[1m\u001b[38;5;12m|\u001b[0m\n\u001b[0m\u001b[1m\u001b[38;5;12m11\u001b[0m\u001b[0m \u001b[0m\u001b[0m\u001b[1m\u001b[38;5;12m|\u001b[0m\u001b[0m \u001b[0m\u001b[0m#[repr(C)]\u001b[0m\n\u001b[0m   \u001b[0m\u001b[0m\u001b[1m\u001b[38;5;12m| \u001b[0m\u001b[0m\u001b[1m\u001b[38;5;12m-\u001b[0m\u001b[0m \u001b[0m\u001b[0m\u001b[1m\u001b[38;5;12mrequired by a bound in this function\u001b[0m\n\u001b[0m\u001b[1m\u001b[38;5;12m12\u001b[0m\u001b[0m \u001b[0m\u001b[0m\u001b[1m\u001b[38;5;12m|\u001b[0m\u001b[0m \u001b[0m\u001b[0m#[derive(Clone, Copy, PartialEq, bytemuck::Zeroable, bytemuck::Pod, Debug)]\u001b[0m\n\u001b[0m   \u001b[0m\u001b[0m\u001b[1m\u001b[38;5;12m| \u001b[0m\u001b[0m                                 \u001b[0m\u001b[0m\u001b[1m\u001b[38;5;10m^^^^^^^^^^^^^^^^^^\u001b[0m\u001b[0m \u001b[0m\u001b[0m\u001b[1m\u001b[38;5;10mrequired by this bound in `assert_impl`\u001b[0m\n\u001b[0m   \u001b[0m\u001b[0m\u001b[1m\u001b[38;5;12m= \u001b[0m\u001b[0m\u001b[1mnote\u001b[0m\u001b[0m: this error originates in the derive macro `bytemuck::Zeroable` (in Nightly builds, run with -Z macro-backtrace for more info)\u001b[0m\n\n"}
{"message":"the trait bound `glam::Vec2: Pod` is not satisfied","code":{"code":"E0277","explanation":"You tried to use a type which doesn't implement some trait in a place which\nexpected that trait.\n\nErroneous code example:\n\n```compile_fail,E0277\n// here we declare the Foo trait with a bar method\ntrait Foo {\n    fn bar(&self);\n}\n\n// we now declare a function which takes an object implementing the Foo trait\nfn some_func<T: Foo>(foo: T) {\n    foo.bar();\n}\n\nfn main() {\n    // we now call the method with the i32 type, which doesn't implement\n    // the Foo trait\n    some_func(5i32); // error: the trait bound `i32 : Foo` is not satisfied\n}\n```\n\nIn order to fix this error, verify that the type you're using does implement\nthe trait. Example:\n\n```\ntrait Foo {\n    fn bar(&self);\n}\n\n// we implement the trait on the i32 type\nimpl Foo for i32 {\n    fn bar(&self) {}\n}\n\nfn some_func<T: Foo>(foo: T) {\n    foo.bar(); // we can now use this method since i32 implements the\n               // Foo trait\n}\n\nfn main() {\n    some_func(5i32); // ok!\n}\n```\n\nOr in a generic context, an erroneous code example would look like:\n\n```compile_fail,E0277\nfn some_func<T>(foo: T) {\n    println!(\"{:?}\", foo); // error: the trait `core::fmt::Debug` is not\n                           //        implemented for the type `T`\n}\n\nfn main() {\n    // We now call the method with the i32 type,\n    // which *does* implement the Debug trait.\n    some_func(5i32);\n}\n```\n\nNote that the error here is in the definition of the generic function. Although\nwe only call it with a parameter that does implement `Debug`, the compiler\nstill rejects the function. It must work with all possible input types. In\norder to make this example compile, we need to restrict the generic type we're\naccepting:\n\n```\nuse std::fmt;\n\n// Restrict the input type to types that implement Debug.\nfn some_func<T: fmt::Debug>(foo: T) {\n    println!(\"{:?}\", foo);\n}\n\nfn main() {\n    // Calling the method is still fine, as i32 implements Debug.\n    some_func(5i32);\n\n    // This would fail to compile now:\n    // struct WithoutDebug;\n    // some_func(WithoutDebug);\n}\n```\n\nRust only looks at the signature of the called function, as such it must\nalready specify all requirements that will be used for every type parameter.\n"},"level":"error","spans":[{"file_name":"/Users/MvPodell/cs181/Game 3/engine/geom.rs","byte_start":327,"byte_end":331,"line_start":14,"line_end":14,"column_start":17,"column_end":21,"is_primary":true,"text":[{"text":"    pub center: Vec2,","highlight_start":17,"highlight_end":21}],"label":"the trait `Pod` is not implemented for `glam::Vec2`","suggested_replacement":null,"suggestion_applicability":null,"expansion":null}],"children":[{"message":"the following other types implement trait `Pod`:\n  isize\n  i8\n  i16\n  i32\n  i64\n  i128\n  usize\n  u8\nand 94 others","code":null,"level":"help","spans":[],"children":[],"rendered":null},{"message":"required by a bound in `geom::_::{closure#0}::check::assert_impl`","code":null,"level":"note","spans":[{"file_name":"/Users/MvPodell/cs181/Game 3/engine/geom.rs","byte_start":206,"byte_end":207,"line_start":11,"line_end":11,"column_start":1,"column_end":2,"is_primary":false,"text":[{"text":"#[repr(C)]","highlight_start":1,"highlight_end":2}],"label":"required by a bound in this function","suggested_replacement":null,"suggestion_applicability":null,"expansion":null},{"file_name":"/Users/MvPodell/cs181/Game 3/engine/geom.rs","byte_start":270,"byte_end":283,"line_start":12,"line_end":12,"column_start":54,"column_end":67,"is_primary":true,"text":[{"text":"#[derive(Clone, Copy, PartialEq, bytemuck::Zeroable, bytemuck::Pod, Debug)]","highlight_start":54,"highlight_end":67}],"label":"required by this bound in `assert_impl`","suggested_replacement":null,"suggestion_applicability":null,"expansion":{"span":{"file_name":"/Users/MvPodell/cs181/Game 3/engine/geom.rs","byte_start":270,"byte_end":283,"line_start":12,"line_end":12,"column_start":54,"column_end":67,"is_primary":false,"text":[{"text":"#[derive(Clone, Copy, PartialEq, bytemuck::Zeroable, bytemuck::Pod, Debug)]","highlight_start":54,"highlight_end":67}],"label":null,"suggested_replacement":null,"suggestion_applicability":null,"expansion":null},"macro_decl_name":"#[derive(bytemuck::Pod)]","def_site_span":{"file_name":"/Users/MvPodell/.cargo/registry/src/index.crates.io-6f17d22bba15001f/bytemuck_derive-1.5.0/src/lib.rs","byte_start":2442,"byte_end":2518,"line_start":91,"line_end":91,"column_start":1,"column_end":77,"is_primary":false,"text":[{"text":"pub fn derive_pod(input: proc_macro::TokenStream) -> proc_macro::TokenStream {","highlight_start":1,"highlight_end":77}],"label":null,"suggested_replacement":null,"suggestion_applicability":null,"expansion":null}}}],"children":[],"rendered":null}],"rendered":"\u001b[0m\u001b[1m\u001b[38;5;9merror[E0277]\u001b[0m\u001b[0m\u001b[1m: the trait bound `glam::Vec2: Pod` is not satisfied\u001b[0m\n\u001b[0m  \u001b[0m\u001b[0m\u001b[1m\u001b[38;5;12m--> \u001b[0m\u001b[0m/Users/MvPodell/cs181/Game 3/engine/geom.rs:14:17\u001b[0m\n\u001b[0m   \u001b[0m\u001b[0m\u001b[1m\u001b[38;5;12m|\u001b[0m\n\u001b[0m\u001b[1m\u001b[38;5;12m14\u001b[0m\u001b[0m \u001b[0m\u001b[0m\u001b[1m\u001b[38;5;12m|\u001b[0m\u001b[0m \u001b[0m\u001b[0m    pub center: Vec2,\u001b[0m\n\u001b[0m   \u001b[0m\u001b[0m\u001b[1m\u001b[38;5;12m| \u001b[0m\u001b[0m                \u001b[0m\u001b[0m\u001b[1m\u001b[38;5;9m^^^^\u001b[0m\u001b[0m \u001b[0m\u001b[0m\u001b[1m\u001b[38;5;9mthe trait `Pod` is not implemented for `glam::Vec2`\u001b[0m\n\u001b[0m   \u001b[0m\u001b[0m\u001b[1m\u001b[38;5;12m|\u001b[0m\n\u001b[0m   \u001b[0m\u001b[0m\u001b[1m\u001b[38;5;12m= \u001b[0m\u001b[0m\u001b[1mhelp\u001b[0m\u001b[0m: the following other types implement trait `Pod`:\u001b[0m\n\u001b[0m             isize\u001b[0m\n\u001b[0m             i8\u001b[0m\n\u001b[0m             i16\u001b[0m\n\u001b[0m             i32\u001b[0m\n\u001b[0m             i64\u001b[0m\n\u001b[0m             i128\u001b[0m\n\u001b[0m             usize\u001b[0m\n\u001b[0m             u8\u001b[0m\n\u001b[0m           and 94 others\u001b[0m\n\u001b[0m\u001b[1m\u001b[38;5;10mnote\u001b[0m\u001b[0m: required by a bound in `geom::_::{closure#0}::check::assert_impl`\u001b[0m\n\u001b[0m  \u001b[0m\u001b[0m\u001b[1m\u001b[38;5;12m--> \u001b[0m\u001b[0m/Users/MvPodell/cs181/Game 3/engine/geom.rs:12:54\u001b[0m\n\u001b[0m   \u001b[0m\u001b[0m\u001b[1m\u001b[38;5;12m|\u001b[0m\n\u001b[0m\u001b[1m\u001b[38;5;12m11\u001b[0m\u001b[0m \u001b[0m\u001b[0m\u001b[1m\u001b[38;5;12m|\u001b[0m\u001b[0m \u001b[0m\u001b[0m#[repr(C)]\u001b[0m\n\u001b[0m   \u001b[0m\u001b[0m\u001b[1m\u001b[38;5;12m| \u001b[0m\u001b[0m\u001b[1m\u001b[38;5;12m-\u001b[0m\u001b[0m \u001b[0m\u001b[0m\u001b[1m\u001b[38;5;12mrequired by a bound in this function\u001b[0m\n\u001b[0m\u001b[1m\u001b[38;5;12m12\u001b[0m\u001b[0m \u001b[0m\u001b[0m\u001b[1m\u001b[38;5;12m|\u001b[0m\u001b[0m \u001b[0m\u001b[0m#[derive(Clone, Copy, PartialEq, bytemuck::Zeroable, bytemuck::Pod, Debug)]\u001b[0m\n\u001b[0m   \u001b[0m\u001b[0m\u001b[1m\u001b[38;5;12m| \u001b[0m\u001b[0m                                                     \u001b[0m\u001b[0m\u001b[1m\u001b[38;5;10m^^^^^^^^^^^^^\u001b[0m\u001b[0m \u001b[0m\u001b[0m\u001b[1m\u001b[38;5;10mrequired by this bound in `assert_impl`\u001b[0m\n\u001b[0m   \u001b[0m\u001b[0m\u001b[1m\u001b[38;5;12m= \u001b[0m\u001b[0m\u001b[1mnote\u001b[0m\u001b[0m: this error originates in the derive macro `bytemuck::Pod` (in Nightly builds, run with -Z macro-backtrace for more info)\u001b[0m\n\n"}
{"message":"the trait bound `glam::Vec2: Pod` is not satisfied","code":{"code":"E0277","explanation":"You tried to use a type which doesn't implement some trait in a place which\nexpected that trait.\n\nErroneous code example:\n\n```compile_fail,E0277\n// here we declare the Foo trait with a bar method\ntrait Foo {\n    fn bar(&self);\n}\n\n// we now declare a function which takes an object implementing the Foo trait\nfn some_func<T: Foo>(foo: T) {\n    foo.bar();\n}\n\nfn main() {\n    // we now call the method with the i32 type, which doesn't implement\n    // the Foo trait\n    some_func(5i32); // error: the trait bound `i32 : Foo` is not satisfied\n}\n```\n\nIn order to fix this error, verify that the type you're using does implement\nthe trait. Example:\n\n```\ntrait Foo {\n    fn bar(&self);\n}\n\n// we implement the trait on the i32 type\nimpl Foo for i32 {\n    fn bar(&self) {}\n}\n\nfn some_func<T: Foo>(foo: T) {\n    foo.bar(); // we can now use this method since i32 implements the\n               // Foo trait\n}\n\nfn main() {\n    some_func(5i32); // ok!\n}\n```\n\nOr in a generic context, an erroneous code example would look like:\n\n```compile_fail,E0277\nfn some_func<T>(foo: T) {\n    println!(\"{:?}\", foo); // error: the trait `core::fmt::Debug` is not\n                           //        implemented for the type `T`\n}\n\nfn main() {\n    // We now call the method with the i32 type,\n    // which *does* implement the Debug trait.\n    some_func(5i32);\n}\n```\n\nNote that the error here is in the definition of the generic function. Although\nwe only call it with a parameter that does implement `Debug`, the compiler\nstill rejects the function. It must work with all possible input types. In\norder to make this example compile, we need to restrict the generic type we're\naccepting:\n\n```\nuse std::fmt;\n\n// Restrict the input type to types that implement Debug.\nfn some_func<T: fmt::Debug>(foo: T) {\n    println!(\"{:?}\", foo);\n}\n\nfn main() {\n    // Calling the method is still fine, as i32 implements Debug.\n    some_func(5i32);\n\n    // This would fail to compile now:\n    // struct WithoutDebug;\n    // some_func(WithoutDebug);\n}\n```\n\nRust only looks at the signature of the called function, as such it must\nalready specify all requirements that will be used for every type parameter.\n"},"level":"error","spans":[{"file_name":"/Users/MvPodell/cs181/Game 3/engine/geom.rs","byte_start":347,"byte_end":351,"line_start":15,"line_end":15,"column_start":15,"column_end":19,"is_primary":true,"text":[{"text":"    pub size: Vec2,","highlight_start":15,"highlight_end":19}],"label":"the trait `Pod` is not implemented for `glam::Vec2`","suggested_replacement":null,"suggestion_applicability":null,"expansion":null}],"children":[{"message":"the following other types implement trait `Pod`:\n  isize\n  i8\n  i16\n  i32\n  i64\n  i128\n  usize\n  u8\nand 94 others","code":null,"level":"help","spans":[],"children":[],"rendered":null},{"message":"required by a bound in `geom::_::{closure#0}::check::assert_impl`","code":null,"level":"note","spans":[{"file_name":"/Users/MvPodell/cs181/Game 3/engine/geom.rs","byte_start":206,"byte_end":207,"line_start":11,"line_end":11,"column_start":1,"column_end":2,"is_primary":false,"text":[{"text":"#[repr(C)]","highlight_start":1,"highlight_end":2}],"label":"required by a bound in this function","suggested_replacement":null,"suggestion_applicability":null,"expansion":null},{"file_name":"/Users/MvPodell/cs181/Game 3/engine/geom.rs","byte_start":270,"byte_end":283,"line_start":12,"line_end":12,"column_start":54,"column_end":67,"is_primary":true,"text":[{"text":"#[derive(Clone, Copy, PartialEq, bytemuck::Zeroable, bytemuck::Pod, Debug)]","highlight_start":54,"highlight_end":67}],"label":"required by this bound in `assert_impl`","suggested_replacement":null,"suggestion_applicability":null,"expansion":{"span":{"file_name":"/Users/MvPodell/cs181/Game 3/engine/geom.rs","byte_start":270,"byte_end":283,"line_start":12,"line_end":12,"column_start":54,"column_end":67,"is_primary":false,"text":[{"text":"#[derive(Clone, Copy, PartialEq, bytemuck::Zeroable, bytemuck::Pod, Debug)]","highlight_start":54,"highlight_end":67}],"label":null,"suggested_replacement":null,"suggestion_applicability":null,"expansion":null},"macro_decl_name":"#[derive(bytemuck::Pod)]","def_site_span":{"file_name":"/Users/MvPodell/.cargo/registry/src/index.crates.io-6f17d22bba15001f/bytemuck_derive-1.5.0/src/lib.rs","byte_start":2442,"byte_end":2518,"line_start":91,"line_end":91,"column_start":1,"column_end":77,"is_primary":false,"text":[{"text":"pub fn derive_pod(input: proc_macro::TokenStream) -> proc_macro::TokenStream {","highlight_start":1,"highlight_end":77}],"label":null,"suggested_replacement":null,"suggestion_applicability":null,"expansion":null}}}],"children":[],"rendered":null}],"rendered":"\u001b[0m\u001b[1m\u001b[38;5;9merror[E0277]\u001b[0m\u001b[0m\u001b[1m: the trait bound `glam::Vec2: Pod` is not satisfied\u001b[0m\n\u001b[0m  \u001b[0m\u001b[0m\u001b[1m\u001b[38;5;12m--> \u001b[0m\u001b[0m/Users/MvPodell/cs181/Game 3/engine/geom.rs:15:15\u001b[0m\n\u001b[0m   \u001b[0m\u001b[0m\u001b[1m\u001b[38;5;12m|\u001b[0m\n\u001b[0m\u001b[1m\u001b[38;5;12m15\u001b[0m\u001b[0m \u001b[0m\u001b[0m\u001b[1m\u001b[38;5;12m|\u001b[0m\u001b[0m \u001b[0m\u001b[0m    pub size: Vec2,\u001b[0m\n\u001b[0m   \u001b[0m\u001b[0m\u001b[1m\u001b[38;5;12m| \u001b[0m\u001b[0m              \u001b[0m\u001b[0m\u001b[1m\u001b[38;5;9m^^^^\u001b[0m\u001b[0m \u001b[0m\u001b[0m\u001b[1m\u001b[38;5;9mthe trait `Pod` is not implemented for `glam::Vec2`\u001b[0m\n\u001b[0m   \u001b[0m\u001b[0m\u001b[1m\u001b[38;5;12m|\u001b[0m\n\u001b[0m   \u001b[0m\u001b[0m\u001b[1m\u001b[38;5;12m= \u001b[0m\u001b[0m\u001b[1mhelp\u001b[0m\u001b[0m: the following other types implement trait `Pod`:\u001b[0m\n\u001b[0m             isize\u001b[0m\n\u001b[0m             i8\u001b[0m\n\u001b[0m             i16\u001b[0m\n\u001b[0m             i32\u001b[0m\n\u001b[0m             i64\u001b[0m\n\u001b[0m             i128\u001b[0m\n\u001b[0m             usize\u001b[0m\n\u001b[0m             u8\u001b[0m\n\u001b[0m           and 94 others\u001b[0m\n\u001b[0m\u001b[1m\u001b[38;5;10mnote\u001b[0m\u001b[0m: required by a bound in `geom::_::{closure#0}::check::assert_impl`\u001b[0m\n\u001b[0m  \u001b[0m\u001b[0m\u001b[1m\u001b[38;5;12m--> \u001b[0m\u001b[0m/Users/MvPodell/cs181/Game 3/engine/geom.rs:12:54\u001b[0m\n\u001b[0m   \u001b[0m\u001b[0m\u001b[1m\u001b[38;5;12m|\u001b[0m\n\u001b[0m\u001b[1m\u001b[38;5;12m11\u001b[0m\u001b[0m \u001b[0m\u001b[0m\u001b[1m\u001b[38;5;12m|\u001b[0m\u001b[0m \u001b[0m\u001b[0m#[repr(C)]\u001b[0m\n\u001b[0m   \u001b[0m\u001b[0m\u001b[1m\u001b[38;5;12m| \u001b[0m\u001b[0m\u001b[1m\u001b[38;5;12m-\u001b[0m\u001b[0m \u001b[0m\u001b[0m\u001b[1m\u001b[38;5;12mrequired by a bound in this function\u001b[0m\n\u001b[0m\u001b[1m\u001b[38;5;12m12\u001b[0m\u001b[0m \u001b[0m\u001b[0m\u001b[1m\u001b[38;5;12m|\u001b[0m\u001b[0m \u001b[0m\u001b[0m#[derive(Clone, Copy, PartialEq, bytemuck::Zeroable, bytemuck::Pod, Debug)]\u001b[0m\n\u001b[0m   \u001b[0m\u001b[0m\u001b[1m\u001b[38;5;12m| \u001b[0m\u001b[0m                                                     \u001b[0m\u001b[0m\u001b[1m\u001b[38;5;10m^^^^^^^^^^^^^\u001b[0m\u001b[0m \u001b[0m\u001b[0m\u001b[1m\u001b[38;5;10mrequired by this bound in `assert_impl`\u001b[0m\n\u001b[0m   \u001b[0m\u001b[0m\u001b[1m\u001b[38;5;12m= \u001b[0m\u001b[0m\u001b[1mnote\u001b[0m\u001b[0m: this error originates in the derive macro `bytemuck::Pod` (in Nightly builds, run with -Z macro-backtrace for more info)\u001b[0m\n\n"}
{"message":"mismatched types","code":{"code":"E0308","explanation":"Expected type did not match the received type.\n\nErroneous code examples:\n\n```compile_fail,E0308\nfn plus_one(x: i32) -> i32 {\n    x + 1\n}\n\nplus_one(\"Not a number\");\n//       ^^^^^^^^^^^^^^ expected `i32`, found `&str`\n\nif \"Not a bool\" {\n// ^^^^^^^^^^^^ expected `bool`, found `&str`\n}\n\nlet x: f32 = \"Not a float\";\n//     ---   ^^^^^^^^^^^^^ expected `f32`, found `&str`\n//     |\n//     expected due to this\n```\n\nThis error occurs when an expression was used in a place where the compiler\nexpected an expression of a different type. It can occur in several cases, the\nmost common being when calling a function and passing an argument which has a\ndifferent type than the matching type in the function declaration.\n"},"level":"error","spans":[{"file_name":"/Users/MvPodell/cs181/Game 3/engine/lib.rs","byte_start":1388,"byte_end":1399,"line_start":50,"line_end":50,"column_start":36,"column_end":47,"is_primary":true,"text":[{"text":"        let window = builder.build(&event_loop).unwrap();","highlight_start":36,"highlight_end":47}],"label":"expected `&EventLoopWindowTarget<_>`, found `&Result<EventLoop<()>, ...>`","suggested_replacement":null,"suggestion_applicability":null,"expansion":null},{"file_name":"/Users/MvPodell/cs181/Game 3/engine/lib.rs","byte_start":1382,"byte_end":1387,"line_start":50,"line_end":50,"column_start":30,"column_end":35,"is_primary":false,"text":[{"text":"        let window = builder.build(&event_loop).unwrap();","highlight_start":30,"highlight_end":35}],"label":"arguments to this method are incorrect","suggested_replacement":null,"suggestion_applicability":null,"expansion":null}],"children":[{"message":"expected reference `&EventLoopWindowTarget<_>`\n   found reference `&Result<EventLoop<()>, EventLoopError>`","code":null,"level":"note","spans":[],"children":[],"rendered":null},{"message":"method defined here","code":null,"level":"note","spans":[{"file_name":"/Users/MvPodell/.cargo/registry/src/index.crates.io-6f17d22bba15001f/winit-0.29.3/src/window.rs","byte_start":16156,"byte_end":16161,"line_start":508,"line_end":508,"column_start":12,"column_end":17,"is_primary":true,"text":[{"text":"    pub fn build<T: 'static>(","highlight_start":12,"highlight_end":17}],"label":null,"suggested_replacement":null,"suggestion_applicability":null,"expansion":null}],"children":[],"rendered":null}],"rendered":"\u001b[0m\u001b[1m\u001b[38;5;9merror[E0308]\u001b[0m\u001b[0m\u001b[1m: mismatched types\u001b[0m\n\u001b[0m   \u001b[0m\u001b[0m\u001b[1m\u001b[38;5;12m--> \u001b[0m\u001b[0m/Users/MvPodell/cs181/Game 3/engine/lib.rs:50:36\u001b[0m\n\u001b[0m    \u001b[0m\u001b[0m\u001b[1m\u001b[38;5;12m|\u001b[0m\n\u001b[0m\u001b[1m\u001b[38;5;12m50\u001b[0m\u001b[0m  \u001b[0m\u001b[0m\u001b[1m\u001b[38;5;12m|\u001b[0m\u001b[0m \u001b[0m\u001b[0m        let window = builder.build(&event_loop).unwrap();\u001b[0m\n\u001b[0m    \u001b[0m\u001b[0m\u001b[1m\u001b[38;5;12m| \u001b[0m\u001b[0m                             \u001b[0m\u001b[0m\u001b[1m\u001b[38;5;12m-----\u001b[0m\u001b[0m \u001b[0m\u001b[0m\u001b[1m\u001b[38;5;9m^^^^^^^^^^^\u001b[0m\u001b[0m \u001b[0m\u001b[0m\u001b[1m\u001b[38;5;9mexpected `&EventLoopWindowTarget<_>`, found `&Result<EventLoop<()>, ...>`\u001b[0m\n\u001b[0m    \u001b[0m\u001b[0m\u001b[1m\u001b[38;5;12m| \u001b[0m\u001b[0m                             \u001b[0m\u001b[0m\u001b[1m\u001b[38;5;12m|\u001b[0m\n\u001b[0m    \u001b[0m\u001b[0m\u001b[1m\u001b[38;5;12m| \u001b[0m\u001b[0m                             \u001b[0m\u001b[0m\u001b[1m\u001b[38;5;12marguments to this method are incorrect\u001b[0m\n\u001b[0m    \u001b[0m\u001b[0m\u001b[1m\u001b[38;5;12m|\u001b[0m\n\u001b[0m    \u001b[0m\u001b[0m\u001b[1m\u001b[38;5;12m= \u001b[0m\u001b[0m\u001b[1mnote\u001b[0m\u001b[0m: expected reference `\u001b[0m\u001b[0m\u001b[1m&EventLoopWindowTarget<_>\u001b[0m\u001b[0m`\u001b[0m\n\u001b[0m               found reference `\u001b[0m\u001b[0m\u001b[1m&Result<EventLoop<()>, EventLoopError>\u001b[0m\u001b[0m`\u001b[0m\n\u001b[0m\u001b[1m\u001b[38;5;10mnote\u001b[0m\u001b[0m: method defined here\u001b[0m\n\u001b[0m   \u001b[0m\u001b[0m\u001b[1m\u001b[38;5;12m--> \u001b[0m\u001b[0m/Users/MvPodell/.cargo/registry/src/index.crates.io-6f17d22bba15001f/winit-0.29.3/src/window.rs:508:12\u001b[0m\n\u001b[0m    \u001b[0m\u001b[0m\u001b[1m\u001b[38;5;12m|\u001b[0m\n\u001b[0m\u001b[1m\u001b[38;5;12m508\u001b[0m\u001b[0m \u001b[0m\u001b[0m\u001b[1m\u001b[38;5;12m|\u001b[0m\u001b[0m \u001b[0m\u001b[0m    pub fn build<T: 'static>(\u001b[0m\n\u001b[0m    \u001b[0m\u001b[0m\u001b[1m\u001b[38;5;12m| \u001b[0m\u001b[0m           \u001b[0m\u001b[0m\u001b[1m\u001b[38;5;10m^^^^^\u001b[0m\n\n"}
{"message":"mismatched types","code":{"code":"E0308","explanation":"Expected type did not match the received type.\n\nErroneous code examples:\n\n```compile_fail,E0308\nfn plus_one(x: i32) -> i32 {\n    x + 1\n}\n\nplus_one(\"Not a number\");\n//       ^^^^^^^^^^^^^^ expected `i32`, found `&str`\n\nif \"Not a bool\" {\n// ^^^^^^^^^^^^ expected `bool`, found `&str`\n}\n\nlet x: f32 = \"Not a float\";\n//     ---   ^^^^^^^^^^^^^ expected `f32`, found `&str`\n//     |\n//     expected due to this\n```\n\nThis error occurs when an expression was used in a place where the compiler\nexpected an expression of a different type. It can occur in several cases, the\nmost common being when calling a function and passing an argument which has a\ndifferent type than the matching type in the function declaration.\n"},"level":"error","spans":[{"file_name":"/Users/MvPodell/cs181/Game 3/engine/lib.rs","byte_start":1466,"byte_end":1473,"line_start":51,"line_end":51,"column_start":56,"column_end":63,"is_primary":true,"text":[{"text":"        let renderer = frenderer::with_default_runtime(&window);","highlight_start":56,"highlight_end":63}],"label":"expected `winit::window::Window`, found `Window`","suggested_replacement":null,"suggestion_applicability":null,"expansion":null},{"file_name":"/Users/MvPodell/cs181/Game 3/engine/lib.rs","byte_start":1434,"byte_end":1465,"line_start":51,"line_end":51,"column_start":24,"column_end":55,"is_primary":false,"text":[{"text":"        let renderer = frenderer::with_default_runtime(&window);","highlight_start":24,"highlight_end":55}],"label":"arguments to this function are incorrect","suggested_replacement":null,"suggestion_applicability":null,"expansion":null}],"children":[{"message":"`Window` and `winit::window::Window` have similar names, but are actually distinct types","code":null,"level":"note","spans":[],"children":[],"rendered":null},{"message":"`Window` is defined in crate `winit`","code":null,"level":"note","spans":[{"file_name":"/Users/MvPodell/.cargo/registry/src/index.crates.io-6f17d22bba15001f/winit-0.29.3/src/window.rs","byte_start":1460,"byte_end":1477,"line_start":54,"line_end":54,"column_start":1,"column_end":18,"is_primary":true,"text":[{"text":"pub struct Window {","highlight_start":1,"highlight_end":18}],"label":null,"suggested_replacement":null,"suggestion_applicability":null,"expansion":null}],"children":[],"rendered":null},{"message":"`winit::window::Window` is defined in crate `winit`","code":null,"level":"note","spans":[{"file_name":"/Users/MvPodell/.cargo/registry/src/index.crates.io-6f17d22bba15001f/winit-0.28.7/src/window.rs","byte_start":1025,"byte_end":1042,"line_start":44,"line_end":44,"column_start":1,"column_end":18,"is_primary":true,"text":[{"text":"pub struct Window {","highlight_start":1,"highlight_end":18}],"label":null,"suggested_replacement":null,"suggestion_applicability":null,"expansion":null}],"children":[],"rendered":null},{"message":"perhaps two different versions of crate `winit` are being used?","code":null,"level":"note","spans":[],"children":[],"rendered":null},{"message":"function defined here","code":null,"level":"note","spans":[{"file_name":"/Users/MvPodell/.cargo/registry/src/index.crates.io-6f17d22bba15001f/frenderer-0.7.3/src/frenderer.rs","byte_start":878,"byte_end":898,"line_start":22,"line_end":22,"column_start":8,"column_end":28,"is_primary":true,"text":[{"text":"pub fn with_default_runtime(window: &winit::window::Window) -> super::Frenderer {","highlight_start":8,"highlight_end":28}],"label":null,"suggested_replacement":null,"suggestion_applicability":null,"expansion":null}],"children":[],"rendered":null}],"rendered":"\u001b[0m\u001b[1m\u001b[38;5;9merror[E0308]\u001b[0m\u001b[0m\u001b[1m: mismatched types\u001b[0m\n\u001b[0m  \u001b[0m\u001b[0m\u001b[1m\u001b[38;5;12m--> \u001b[0m\u001b[0m/Users/MvPodell/cs181/Game 3/engine/lib.rs:51:56\u001b[0m\n\u001b[0m   \u001b[0m\u001b[0m\u001b[1m\u001b[38;5;12m|\u001b[0m\n\u001b[0m\u001b[1m\u001b[38;5;12m51\u001b[0m\u001b[0m \u001b[0m\u001b[0m\u001b[1m\u001b[38;5;12m|\u001b[0m\u001b[0m \u001b[0m\u001b[0m        let renderer = frenderer::with_default_runtime(&window);\u001b[0m\n\u001b[0m   \u001b[0m\u001b[0m\u001b[1m\u001b[38;5;12m| \u001b[0m\u001b[0m                       \u001b[0m\u001b[0m\u001b[1m\u001b[38;5;12m-------------------------------\u001b[0m\u001b[0m \u001b[0m\u001b[0m\u001b[1m\u001b[38;5;9m^^^^^^^\u001b[0m\u001b[0m \u001b[0m\u001b[0m\u001b[1m\u001b[38;5;9mexpected `winit::window::Window`, found `Window`\u001b[0m\n\u001b[0m   \u001b[0m\u001b[0m\u001b[1m\u001b[38;5;12m| \u001b[0m\u001b[0m                       \u001b[0m\u001b[0m\u001b[1m\u001b[38;5;12m|\u001b[0m\n\u001b[0m   \u001b[0m\u001b[0m\u001b[1m\u001b[38;5;12m| \u001b[0m\u001b[0m                       \u001b[0m\u001b[0m\u001b[1m\u001b[38;5;12marguments to this function are incorrect\u001b[0m\n\u001b[0m   \u001b[0m\u001b[0m\u001b[1m\u001b[38;5;12m|\u001b[0m\n\u001b[0m   \u001b[0m\u001b[0m\u001b[1m\u001b[38;5;12m= \u001b[0m\u001b[0m\u001b[1mnote\u001b[0m\u001b[0m: `Window` and `winit::window::Window` have similar names, but are actually distinct types\u001b[0m\n\u001b[0m\u001b[1m\u001b[38;5;10mnote\u001b[0m\u001b[0m: `Window` is defined in crate `winit`\u001b[0m\n\u001b[0m  \u001b[0m\u001b[0m\u001b[1m\u001b[38;5;12m--> \u001b[0m\u001b[0m/Users/MvPodell/.cargo/registry/src/index.crates.io-6f17d22bba15001f/winit-0.29.3/src/window.rs:54:1\u001b[0m\n\u001b[0m   \u001b[0m\u001b[0m\u001b[1m\u001b[38;5;12m|\u001b[0m\n\u001b[0m\u001b[1m\u001b[38;5;12m54\u001b[0m\u001b[0m \u001b[0m\u001b[0m\u001b[1m\u001b[38;5;12m|\u001b[0m\u001b[0m \u001b[0m\u001b[0mpub struct Window {\u001b[0m\n\u001b[0m   \u001b[0m\u001b[0m\u001b[1m\u001b[38;5;12m| \u001b[0m\u001b[0m\u001b[1m\u001b[38;5;10m^^^^^^^^^^^^^^^^^\u001b[0m\n\u001b[0m\u001b[1m\u001b[38;5;10mnote\u001b[0m\u001b[0m: `winit::window::Window` is defined in crate `winit`\u001b[0m\n\u001b[0m  \u001b[0m\u001b[0m\u001b[1m\u001b[38;5;12m--> \u001b[0m\u001b[0m/Users/MvPodell/.cargo/registry/src/index.crates.io-6f17d22bba15001f/winit-0.28.7/src/window.rs:44:1\u001b[0m\n\u001b[0m   \u001b[0m\u001b[0m\u001b[1m\u001b[38;5;12m|\u001b[0m\n\u001b[0m\u001b[1m\u001b[38;5;12m44\u001b[0m\u001b[0m \u001b[0m\u001b[0m\u001b[1m\u001b[38;5;12m|\u001b[0m\u001b[0m \u001b[0m\u001b[0mpub struct Window {\u001b[0m\n\u001b[0m   \u001b[0m\u001b[0m\u001b[1m\u001b[38;5;12m| \u001b[0m\u001b[0m\u001b[1m\u001b[38;5;10m^^^^^^^^^^^^^^^^^\u001b[0m\n\u001b[0m   \u001b[0m\u001b[0m\u001b[1m\u001b[38;5;12m= \u001b[0m\u001b[0m\u001b[1mnote\u001b[0m\u001b[0m: perhaps two different versions of crate `winit` are being used?\u001b[0m\n\u001b[0m\u001b[1m\u001b[38;5;10mnote\u001b[0m\u001b[0m: function defined here\u001b[0m\n\u001b[0m  \u001b[0m\u001b[0m\u001b[1m\u001b[38;5;12m--> \u001b[0m\u001b[0m/Users/MvPodell/.cargo/registry/src/index.crates.io-6f17d22bba15001f/frenderer-0.7.3/src/frenderer.rs:22:8\u001b[0m\n\u001b[0m   \u001b[0m\u001b[0m\u001b[1m\u001b[38;5;12m|\u001b[0m\n\u001b[0m\u001b[1m\u001b[38;5;12m22\u001b[0m\u001b[0m \u001b[0m\u001b[0m\u001b[1m\u001b[38;5;12m|\u001b[0m\u001b[0m \u001b[0m\u001b[0mpub fn with_default_runtime(window: &winit::window::Window) -> super::Frenderer {\u001b[0m\n\u001b[0m   \u001b[0m\u001b[0m\u001b[1m\u001b[38;5;12m| \u001b[0m\u001b[0m       \u001b[0m\u001b[0m\u001b[1m\u001b[38;5;10m^^^^^^^^^^^^^^^^^^^^\u001b[0m\n\n"}
{"message":"mismatched types","code":{"code":"E0308","explanation":"Expected type did not match the received type.\n\nErroneous code examples:\n\n```compile_fail,E0308\nfn plus_one(x: i32) -> i32 {\n    x + 1\n}\n\nplus_one(\"Not a number\");\n//       ^^^^^^^^^^^^^^ expected `i32`, found `&str`\n\nif \"Not a bool\" {\n// ^^^^^^^^^^^^ expected `bool`, found `&str`\n}\n\nlet x: f32 = \"Not a float\";\n//     ---   ^^^^^^^^^^^^^ expected `f32`, found `&str`\n//     |\n//     expected due to this\n```\n\nThis error occurs when an expression was used in a place where the compiler\nexpected an expression of a different type. It can occur in several cases, the\nmost common being when calling a function and passing an argument which has a\ndifferent type than the matching type in the function declaration.\n"},"level":"error","spans":[{"file_name":"/Users/MvPodell/cs181/Game 3/engine/lib.rs","byte_start":1749,"byte_end":1759,"line_start":61,"line_end":61,"column_start":30,"column_end":40,"is_primary":true,"text":[{"text":"            event_loop: Some(event_loop),","highlight_start":30,"highlight_end":40}],"label":"expected `EventLoop<()>`, found `Result<EventLoop<()>, ...>`","suggested_replacement":null,"suggestion_applicability":null,"expansion":null},{"file_name":"/Users/MvPodell/cs181/Game 3/engine/lib.rs","byte_start":1744,"byte_end":1748,"line_start":61,"line_end":61,"column_start":25,"column_end":29,"is_primary":false,"text":[{"text":"            event_loop: Some(event_loop),","highlight_start":25,"highlight_end":29}],"label":"arguments to this enum variant are incorrect","suggested_replacement":null,"suggestion_applicability":null,"expansion":null}],"children":[{"message":"expected struct `EventLoop<_>`\n     found enum `Result<EventLoop<_>, EventLoopError>`","code":null,"level":"note","spans":[],"children":[],"rendered":null},{"message":"the type constructed contains `Result<EventLoop<()>, EventLoopError>` due to the type of the argument passed","code":null,"level":"help","spans":[{"file_name":"/Users/MvPodell/cs181/Game 3/engine/lib.rs","byte_start":1749,"byte_end":1759,"line_start":61,"line_end":61,"column_start":30,"column_end":40,"is_primary":false,"text":[{"text":"            event_loop: Some(event_loop),","highlight_start":30,"highlight_end":40}],"label":"this argument influences the type of `Some`","suggested_replacement":null,"suggestion_applicability":null,"expansion":null},{"file_name":"/Users/MvPodell/cs181/Game 3/engine/lib.rs","byte_start":1744,"byte_end":1760,"line_start":61,"line_end":61,"column_start":25,"column_end":41,"is_primary":true,"text":[{"text":"            event_loop: Some(event_loop),","highlight_start":25,"highlight_end":41}],"label":null,"suggested_replacement":null,"suggestion_applicability":null,"expansion":null}],"children":[],"rendered":null},{"message":"tuple variant defined here","code":null,"level":"note","spans":[{"file_name":"/Users/MvPodell/.rustup/toolchains/stable-aarch64-apple-darwin/lib/rustlib/src/rust/library/core/src/option.rs","byte_start":21021,"byte_end":21025,"line_start":571,"line_end":571,"column_start":5,"column_end":9,"is_primary":true,"text":[{"text":"    Some(#[stable(feature = \"rust1\", since = \"1.0.0\")] T),","highlight_start":5,"highlight_end":9}],"label":null,"suggested_replacement":null,"suggestion_applicability":null,"expansion":null}],"children":[],"rendered":null}],"rendered":"\u001b[0m\u001b[1m\u001b[38;5;9merror[E0308]\u001b[0m\u001b[0m\u001b[1m: mismatched types\u001b[0m\n\u001b[0m   \u001b[0m\u001b[0m\u001b[1m\u001b[38;5;12m--> \u001b[0m\u001b[0m/Users/MvPodell/cs181/Game 3/engine/lib.rs:61:30\u001b[0m\n\u001b[0m    \u001b[0m\u001b[0m\u001b[1m\u001b[38;5;12m|\u001b[0m\n\u001b[0m\u001b[1m\u001b[38;5;12m61\u001b[0m\u001b[0m  \u001b[0m\u001b[0m\u001b[1m\u001b[38;5;12m|\u001b[0m\u001b[0m \u001b[0m\u001b[0m            event_loop: Some(event_loop),\u001b[0m\n\u001b[0m    \u001b[0m\u001b[0m\u001b[1m\u001b[38;5;12m| \u001b[0m\u001b[0m                        \u001b[0m\u001b[0m\u001b[1m\u001b[38;5;12m----\u001b[0m\u001b[0m \u001b[0m\u001b[0m\u001b[1m\u001b[38;5;9m^^^^^^^^^^\u001b[0m\u001b[0m \u001b[0m\u001b[0m\u001b[1m\u001b[38;5;9mexpected `EventLoop<()>`, found `Result<EventLoop<()>, ...>`\u001b[0m\n\u001b[0m    \u001b[0m\u001b[0m\u001b[1m\u001b[38;5;12m| \u001b[0m\u001b[0m                        \u001b[0m\u001b[0m\u001b[1m\u001b[38;5;12m|\u001b[0m\n\u001b[0m    \u001b[0m\u001b[0m\u001b[1m\u001b[38;5;12m| \u001b[0m\u001b[0m                        \u001b[0m\u001b[0m\u001b[1m\u001b[38;5;12marguments to this enum variant are incorrect\u001b[0m\n\u001b[0m    \u001b[0m\u001b[0m\u001b[1m\u001b[38;5;12m|\u001b[0m\n\u001b[0m    \u001b[0m\u001b[0m\u001b[1m\u001b[38;5;12m= \u001b[0m\u001b[0m\u001b[1mnote\u001b[0m\u001b[0m: expected struct `EventLoop<_>`\u001b[0m\n\u001b[0m                 found enum `\u001b[0m\u001b[0m\u001b[1mResult<\u001b[0m\u001b[0mEventLoop<_>, \u001b[0m\u001b[0m\u001b[1mEventLoopError>\u001b[0m\u001b[0m`\u001b[0m\n\u001b[0m\u001b[1m\u001b[38;5;14mhelp\u001b[0m\u001b[0m: the type constructed contains `Result<EventLoop<()>, EventLoopError>` due to the type of the argument passed\u001b[0m\n\u001b[0m   \u001b[0m\u001b[0m\u001b[1m\u001b[38;5;12m--> \u001b[0m\u001b[0m/Users/MvPodell/cs181/Game 3/engine/lib.rs:61:25\u001b[0m\n\u001b[0m    \u001b[0m\u001b[0m\u001b[1m\u001b[38;5;12m|\u001b[0m\n\u001b[0m\u001b[1m\u001b[38;5;12m61\u001b[0m\u001b[0m  \u001b[0m\u001b[0m\u001b[1m\u001b[38;5;12m|\u001b[0m\u001b[0m \u001b[0m\u001b[0m            event_loop: Some(event_loop),\u001b[0m\n\u001b[0m    \u001b[0m\u001b[0m\u001b[1m\u001b[38;5;12m| \u001b[0m\u001b[0m                        \u001b[0m\u001b[0m\u001b[1m\u001b[38;5;14m^^^^^\u001b[0m\u001b[0m\u001b[1m\u001b[38;5;12m----------\u001b[0m\u001b[0m\u001b[1m\u001b[38;5;14m^\u001b[0m\n\u001b[0m    \u001b[0m\u001b[0m\u001b[1m\u001b[38;5;12m| \u001b[0m\u001b[0m                             \u001b[0m\u001b[0m\u001b[1m\u001b[38;5;12m|\u001b[0m\n\u001b[0m    \u001b[0m\u001b[0m\u001b[1m\u001b[38;5;12m| \u001b[0m\u001b[0m                             \u001b[0m\u001b[0m\u001b[1m\u001b[38;5;12mthis argument influences the type of `Some`\u001b[0m\n\u001b[0m\u001b[1m\u001b[38;5;10mnote\u001b[0m\u001b[0m: tuple variant defined here\u001b[0m\n\u001b[0m   \u001b[0m\u001b[0m\u001b[1m\u001b[38;5;12m--> \u001b[0m\u001b[0m/Users/MvPodell/.rustup/toolchains/stable-aarch64-apple-darwin/lib/rustlib/src/rust/library/core/src/option.rs:571:5\u001b[0m\n\u001b[0m    \u001b[0m\u001b[0m\u001b[1m\u001b[38;5;12m|\u001b[0m\n\u001b[0m\u001b[1m\u001b[38;5;12m571\u001b[0m\u001b[0m \u001b[0m\u001b[0m\u001b[1m\u001b[38;5;12m|\u001b[0m\u001b[0m \u001b[0m\u001b[0m    Some(#[stable(feature = \"rust1\", since = \"1.0.0\")] T),\u001b[0m\n\u001b[0m    \u001b[0m\u001b[0m\u001b[1m\u001b[38;5;12m| \u001b[0m\u001b[0m    \u001b[0m\u001b[0m\u001b[1m\u001b[38;5;10m^^^^\u001b[0m\n\n"}
{"message":"closure is expected to take 2 arguments, but it takes 3 arguments","code":{"code":"E0593","explanation":"You tried to supply an `Fn`-based type with an incorrect number of arguments\nthan what was expected.\n\nErroneous code example:\n\n```compile_fail,E0593\nfn foo<F: Fn()>(x: F) { }\n\nfn main() {\n    // [E0593] closure takes 1 argument but 0 arguments are required\n    foo(|y| { });\n}\n```\n\nYou have to provide the same number of arguments as expected by the `Fn`-based\ntype. So to fix the previous example, we need to remove the `y` argument:\n\n```\nfn foo<F: Fn()>(x: F) { }\n\nfn main() {\n    foo(|| { }); // ok!\n}\n```\n"},"level":"error","spans":[{"file_name":"/Users/MvPodell/cs181/Game 3/engine/lib.rs","byte_start":2422,"byte_end":2425,"line_start":81,"line_end":81,"column_start":14,"column_end":17,"is_primary":true,"text":[{"text":"            .run(move |event, _, control_flow| {","highlight_start":14,"highlight_end":17}],"label":"expected closure that takes 2 arguments","suggested_replacement":null,"suggestion_applicability":null,"expansion":null},{"file_name":"/Users/MvPodell/cs181/Game 3/engine/lib.rs","byte_start":2426,"byte_end":2455,"line_start":81,"line_end":81,"column_start":18,"column_end":47,"is_primary":false,"text":[{"text":"            .run(move |event, _, control_flow| {","highlight_start":18,"highlight_end":47}],"label":"takes 3 arguments","suggested_replacement":null,"suggestion_applicability":null,"expansion":null}],"children":[],"rendered":"\u001b[0m\u001b[1m\u001b[38;5;9merror[E0593]\u001b[0m\u001b[0m\u001b[1m: closure is expected to take 2 arguments, but it takes 3 arguments\u001b[0m\n\u001b[0m  \u001b[0m\u001b[0m\u001b[1m\u001b[38;5;12m--> \u001b[0m\u001b[0m/Users/MvPodell/cs181/Game 3/engine/lib.rs:81:14\u001b[0m\n\u001b[0m   \u001b[0m\u001b[0m\u001b[1m\u001b[38;5;12m|\u001b[0m\n\u001b[0m\u001b[1m\u001b[38;5;12m81\u001b[0m\u001b[0m \u001b[0m\u001b[0m\u001b[1m\u001b[38;5;12m|\u001b[0m\u001b[0m \u001b[0m\u001b[0m            .run(move |event, _, control_flow| {\u001b[0m\n\u001b[0m   \u001b[0m\u001b[0m\u001b[1m\u001b[38;5;12m| \u001b[0m\u001b[0m             \u001b[0m\u001b[0m\u001b[1m\u001b[38;5;9m^^^\u001b[0m\u001b[0m \u001b[0m\u001b[0m\u001b[1m\u001b[38;5;12m-----------------------------\u001b[0m\u001b[0m \u001b[0m\u001b[0m\u001b[1m\u001b[38;5;12mtakes 3 arguments\u001b[0m\n\u001b[0m   \u001b[0m\u001b[0m\u001b[1m\u001b[38;5;12m| \u001b[0m\u001b[0m             \u001b[0m\u001b[0m\u001b[1m\u001b[38;5;9m|\u001b[0m\n\u001b[0m   \u001b[0m\u001b[0m\u001b[1m\u001b[38;5;12m| \u001b[0m\u001b[0m             \u001b[0m\u001b[0m\u001b[1m\u001b[38;5;9mexpected closure that takes 2 arguments\u001b[0m\n\n"}
{"message":"no variant or associated item named `MainEventsCleared` found for enum `Event` in the current scope","code":{"code":"E0599","explanation":"This error occurs when a method is used on a type which doesn't implement it:\n\nErroneous code example:\n\n```compile_fail,E0599\nstruct Mouth;\n\nlet x = Mouth;\nx.chocolate(); // error: no method named `chocolate` found for type `Mouth`\n               //        in the current scope\n```\n\nIn this case, you need to implement the `chocolate` method to fix the error:\n\n```\nstruct Mouth;\n\nimpl Mouth {\n    fn chocolate(&self) { // We implement the `chocolate` method here.\n        println!(\"Hmmm! I love chocolate!\");\n    }\n}\n\nlet x = Mouth;\nx.chocolate(); // ok!\n```\n"},"level":"error","spans":[{"file_name":"/Users/MvPodell/cs181/Game 3/engine/lib.rs","byte_start":2867,"byte_end":2884,"line_start":91,"line_end":91,"column_start":28,"column_end":45,"is_primary":true,"text":[{"text":"                    Event::MainEventsCleared => {","highlight_start":28,"highlight_end":45}],"label":"variant or associated item not found in `Event<_>`","suggested_replacement":null,"suggestion_applicability":null,"expansion":null}],"children":[],"rendered":"\u001b[0m\u001b[1m\u001b[38;5;9merror[E0599]\u001b[0m\u001b[0m\u001b[1m: no variant or associated item named `MainEventsCleared` found for enum `Event` in the current scope\u001b[0m\n\u001b[0m  \u001b[0m\u001b[0m\u001b[1m\u001b[38;5;12m--> \u001b[0m\u001b[0m/Users/MvPodell/cs181/Game 3/engine/lib.rs:91:28\u001b[0m\n\u001b[0m   \u001b[0m\u001b[0m\u001b[1m\u001b[38;5;12m|\u001b[0m\n\u001b[0m\u001b[1m\u001b[38;5;12m91\u001b[0m\u001b[0m \u001b[0m\u001b[0m\u001b[1m\u001b[38;5;12m|\u001b[0m\u001b[0m \u001b[0m\u001b[0m                    Event::MainEventsCleared => {\u001b[0m\n\u001b[0m   \u001b[0m\u001b[0m\u001b[1m\u001b[38;5;12m| \u001b[0m\u001b[0m                           \u001b[0m\u001b[0m\u001b[1m\u001b[38;5;9m^^^^^^^^^^^^^^^^^\u001b[0m\u001b[0m \u001b[0m\u001b[0m\u001b[1m\u001b[38;5;9mvariant or associated item not found in `Event<_>`\u001b[0m\n\n"}
{"message":"no variant or associated item named `Exit` found for enum `winit::event_loop::ControlFlow` in the current scope","code":{"code":"E0599","explanation":"This error occurs when a method is used on a type which doesn't implement it:\n\nErroneous code example:\n\n```compile_fail,E0599\nstruct Mouth;\n\nlet x = Mouth;\nx.chocolate(); // error: no method named `chocolate` found for type `Mouth`\n               //        in the current scope\n```\n\nIn this case, you need to implement the `chocolate` method to fix the error:\n\n```\nstruct Mouth;\n\nimpl Mouth {\n    fn chocolate(&self) { // We implement the `chocolate` method here.\n        println!(\"Hmmm! I love chocolate!\");\n    }\n}\n\nlet x = Mouth;\nx.chocolate(); // ok!\n```\n"},"level":"error","spans":[{"file_name":"/Users/MvPodell/cs181/Game 3/engine/lib.rs","byte_start":2812,"byte_end":2816,"line_start":89,"line_end":89,"column_start":73,"column_end":77,"is_primary":true,"text":[{"text":"                        *control_flow = winit::event_loop::ControlFlow::Exit;","highlight_start":73,"highlight_end":77}],"label":"variant or associated item not found in `ControlFlow`","suggested_replacement":null,"suggestion_applicability":null,"expansion":null}],"children":[],"rendered":"\u001b[0m\u001b[1m\u001b[38;5;9merror[E0599]\u001b[0m\u001b[0m\u001b[1m: no variant or associated item named `Exit` found for enum `winit::event_loop::ControlFlow` in the current scope\u001b[0m\n\u001b[0m  \u001b[0m\u001b[0m\u001b[1m\u001b[38;5;12m--> \u001b[0m\u001b[0m/Users/MvPodell/cs181/Game 3/engine/lib.rs:89:73\u001b[0m\n\u001b[0m   \u001b[0m\u001b[0m\u001b[1m\u001b[38;5;12m|\u001b[0m\n\u001b[0m\u001b[1m\u001b[38;5;12m89\u001b[0m\u001b[0m \u001b[0m\u001b[0m\u001b[1m\u001b[38;5;12m|\u001b[0m\u001b[0m \u001b[0m\u001b[0m                        *control_flow = winit::event_loop::ControlFlow::Exit;\u001b[0m\n\u001b[0m   \u001b[0m\u001b[0m\u001b[1m\u001b[38;5;12m| \u001b[0m\u001b[0m                                                                        \u001b[0m\u001b[0m\u001b[1m\u001b[38;5;9m^^^^\u001b[0m\u001b[0m \u001b[0m\u001b[0m\u001b[1m\u001b[38;5;9mvariant or associated item not found in `ControlFlow`\u001b[0m\n\n"}
{"message":"failed to resolve: use of undeclared crate or module `image`","code":{"code":"E0433","explanation":"An undeclared crate, module, or type was used.\n\nErroneous code example:\n\n```compile_fail,E0433\nlet map = HashMap::new();\n// error: failed to resolve: use of undeclared type `HashMap`\n```\n\nPlease verify you didn't misspell the type/module's name or that you didn't\nforget to import it:\n\n```\nuse std::collections::HashMap; // HashMap has been imported.\nlet map: HashMap<u32, u32> = HashMap::new(); // So it can be used!\n```\n\nIf you've expected to use a crate name:\n\n```compile_fail\nuse ferris_wheel::BigO;\n// error: failed to resolve: use of undeclared crate or module `ferris_wheel`\n```\n\nMake sure the crate has been added as a dependency in `Cargo.toml`.\n\nTo use a module from your current crate, add the `crate::` prefix to the path.\n"},"level":"error","spans":[{"file_name":"/Users/MvPodell/cs181/Game 3/engine/lib.rs","byte_start":15724,"byte_end":15729,"line_start":408,"line_end":408,"column_start":18,"column_end":23,"is_primary":true,"text":[{"text":"        imgs: &[&image::RgbaImage],","highlight_start":18,"highlight_end":23}],"label":"use of undeclared crate or module `image`","suggested_replacement":null,"suggestion_applicability":null,"expansion":null}],"children":[],"rendered":"\u001b[0m\u001b[1m\u001b[38;5;9merror[E0433]\u001b[0m\u001b[0m\u001b[1m: failed to resolve: use of undeclared crate or module `image`\u001b[0m\n\u001b[0m   \u001b[0m\u001b[0m\u001b[1m\u001b[38;5;12m--> \u001b[0m\u001b[0m/Users/MvPodell/cs181/Game 3/engine/lib.rs:408:18\u001b[0m\n\u001b[0m    \u001b[0m\u001b[0m\u001b[1m\u001b[38;5;12m|\u001b[0m\n\u001b[0m\u001b[1m\u001b[38;5;12m408\u001b[0m\u001b[0m \u001b[0m\u001b[0m\u001b[1m\u001b[38;5;12m|\u001b[0m\u001b[0m \u001b[0m\u001b[0m        imgs: &[&image::RgbaImage],\u001b[0m\n\u001b[0m    \u001b[0m\u001b[0m\u001b[1m\u001b[38;5;12m| \u001b[0m\u001b[0m                 \u001b[0m\u001b[0m\u001b[1m\u001b[38;5;9m^^^^^\u001b[0m\u001b[0m \u001b[0m\u001b[0m\u001b[1m\u001b[38;5;9muse of undeclared crate or module `image`\u001b[0m\n\n"}
{"message":"aborting due to 15 previous errors","code":null,"level":"error","spans":[],"children":[],"rendered":"\u001b[0m\u001b[1m\u001b[38;5;9merror\u001b[0m\u001b[0m\u001b[1m: aborting due to 15 previous errors\u001b[0m\n\n"}
{"message":"Some errors have detailed explanations: E0277, E0308, E0433, E0593, E0599.","code":null,"level":"failure-note","spans":[],"children":[],"rendered":"\u001b[0m\u001b[1mSome errors have detailed explanations: E0277, E0308, E0433, E0593, E0599.\u001b[0m\n"}
{"message":"For more information about an error, try `rustc --explain E0277`.","code":null,"level":"failure-note","spans":[],"children":[],"rendered":"\u001b[0m\u001b[1mFor more information about an error, try `rustc --explain E0277`.\u001b[0m\n"}
